Using pre-set license
Built from '2022.3/staging' branch; Version is '2022.3.6f1 (b9e6e7e9fa2d) revision 12183271'; Using compiler version '192829333'; Build Type 'Release'
OS: 'Windows 11  (10.0.22621) 64bit Core' Language: 'en' Physical Memory: 32387 MB
BatchMode: 1, IsHumanControllingUs: 0, StartBugReporterOnCrash: 0, Is64bit: 1, IsPro: 1

COMMAND LINE ARGUMENTS:
C:\Program Files\Unity\Hub\Editor\2022.3.6f1\Editor\Unity.exe
-adb2
-batchMode
-noUpm
-name
AssetImportWorker1
-projectPath
C:/acamlated/Unity/Defend/Defend
-logFile
Logs/AssetImportWorker1.log
-srvPort
50203
Successfully changed project path to: C:/acamlated/Unity/Defend/Defend
C:/acamlated/Unity/Defend/Defend
[UnityMemory] Configuration Parameters - Can be set up in boot.config
    "memorysetup-bucket-allocator-granularity=16"
    "memorysetup-bucket-allocator-bucket-count=8"
    "memorysetup-bucket-allocator-block-size=33554432"
    "memorysetup-bucket-allocator-block-count=8"
    "memorysetup-main-allocator-block-size=16777216"
    "memorysetup-thread-allocator-block-size=16777216"
    "memorysetup-gfx-main-allocator-block-size=16777216"
    "memorysetup-gfx-thread-allocator-block-size=16777216"
    "memorysetup-cache-allocator-block-size=4194304"
    "memorysetup-typetree-allocator-block-size=2097152"
    "memorysetup-profiler-bucket-allocator-granularity=16"
    "memorysetup-profiler-bucket-allocator-bucket-count=8"
    "memorysetup-profiler-bucket-allocator-block-size=33554432"
    "memorysetup-profiler-bucket-allocator-block-count=8"
    "memorysetup-profiler-allocator-block-size=16777216"
    "memorysetup-profiler-editor-allocator-block-size=1048576"
    "memorysetup-temp-allocator-size-main=16777216"
    "memorysetup-job-temp-allocator-block-size=2097152"
    "memorysetup-job-temp-allocator-block-size-background=1048576"
    "memorysetup-job-temp-allocator-reduction-small-platforms=262144"
    "memorysetup-allocator-temp-initial-block-size-main=262144"
    "memorysetup-allocator-temp-initial-block-size-worker=262144"
    "memorysetup-temp-allocator-size-background-worker=32768"
    "memorysetup-temp-allocator-size-job-worker=262144"
    "memorysetup-temp-allocator-size-preload-manager=33554432"
    "memorysetup-temp-allocator-size-nav-mesh-worker=65536"
    "memorysetup-temp-allocator-size-audio-worker=65536"
    "memorysetup-temp-allocator-size-cloud-worker=32768"
    "memorysetup-temp-allocator-size-gi-baking-worker=262144"
    "memorysetup-temp-allocator-size-gfx=262144"
Player connection [12916] Host "[IP] 192.168.5.54 [Port] 0 [Flags] 2 [Guid] 3805770850 [EditorId] 3805770850 [Version] 1048832 [Id] WindowsEditor(7,A-L-3-4-23) [Debug] 1 [PackageName] WindowsEditor [ProjectName] Editor" joined multi-casting on [225.0.0.222:54997]...

Player connection [12916] Host "[IP] 192.168.5.54 [Port] 0 [Flags] 2 [Guid] 3805770850 [EditorId] 3805770850 [Version] 1048832 [Id] WindowsEditor(7,A-L-3-4-23) [Debug] 1 [PackageName] WindowsEditor [ProjectName] Editor" joined alternative multi-casting on [225.0.0.222:34997]...

Refreshing native plugins compatible for Editor in 6.06 ms, found 3 plugins.
Preloading 0 native plugins for Editor in 0.00 ms.
Initialize engine version: 2022.3.6f1 (b9e6e7e9fa2d)
[Subsystems] Discovering subsystems at path C:/Program Files/Unity/Hub/Editor/2022.3.6f1/Editor/Data/Resources/UnitySubsystems
[Subsystems] Discovering subsystems at path C:/acamlated/Unity/Defend/Defend/Assets
GfxDevice: creating device client; threaded=0; jobified=0
Direct3D:
    Version:  Direct3D 11.0 [level 11.1]
    Renderer: NVIDIA GeForce RTX 4060 Laptop GPU (ID=0x28e0)
    Vendor:   NVIDIA
    VRAM:     7957 MB
    Driver:   31.0.15.5123
Initialize mono
Mono path[0] = 'C:/Program Files/Unity/Hub/Editor/2022.3.6f1/Editor/Data/Managed'
Mono path[1] = 'C:/Program Files/Unity/Hub/Editor/2022.3.6f1/Editor/Data/MonoBleedingEdge/lib/mono/unityjit-win32'
Mono config path = 'C:/Program Files/Unity/Hub/Editor/2022.3.6f1/Editor/Data/MonoBleedingEdge/etc'
Using monoOptions --debugger-agent=transport=dt_socket,embedding=1,server=y,suspend=n,address=127.0.0.1:56636
Begin MonoManager ReloadAssembly
Registering precompiled unity dll's ...
Register platform support module: C:/Program Files/Unity/Hub/Editor/2022.3.6f1/Editor/Data/PlaybackEngines/AndroidPlayer/UnityEditor.Android.Extensions.dll
Register platform support module: C:/Program Files/Unity/Hub/Editor/2022.3.6f1/Editor/Data/PlaybackEngines/WindowsStandaloneSupport/UnityEditor.WindowsStandalone.Extensions.dll
Registered in 0.006723 seconds.
- Loaded All Assemblies, in  0.358 seconds
Native extension for WindowsStandalone target not found
Native extension for Android target not found
Android Extension - Scanning For ADB Devices 214 ms
Mono: successfully reloaded assembly
- Finished resetting the current domain, in  0.506 seconds
Domain Reload Profiling: 863ms
	BeginReloadAssembly (94ms)
		ExecutionOrderSort (0ms)
		DisableScriptedObjects (0ms)
		BackupInstance (0ms)
		ReleaseScriptingObjects (0ms)
		CreateAndSetChildDomain (0ms)
	RebuildCommonClasses (37ms)
	RebuildNativeTypeToScriptingClass (9ms)
	initialDomainReloadingComplete (54ms)
	LoadAllAssembliesAndSetupDomain (163ms)
		LoadAssemblies (94ms)
		RebuildTransferFunctionScriptingTraits (0ms)
		AnalyzeDomain (156ms)
			TypeCache.Refresh (154ms)
				TypeCache.ScanAssembly (141ms)
			ScanForSourceGeneratedMonoScriptInfo (1ms)
			ResolveRequiredComponents (1ms)
	FinalizeReload (506ms)
		ReleaseScriptCaches (0ms)
		RebuildScriptCaches (0ms)
		SetupLoadedEditorAssemblies (457ms)
			LogAssemblyErrors (0ms)
			InitializePlatformSupportModulesInManaged (331ms)
			SetLoadedEditorAssemblies (3ms)
			RefreshPlugins (0ms)
			BeforeProcessingInitializeOnLoad (2ms)
			ProcessInitializeOnLoadAttributes (80ms)
			ProcessInitializeOnLoadMethodAttributes (41ms)
			AfterProcessingInitializeOnLoad (0ms)
			EditorAssembliesLoaded (0ms)
		ExecutionOrderSort2 (0ms)
		AwakeInstancesAfterBackupRestoration (0ms)
========================================================================
Worker process is ready to serve import requests
Begin MonoManager ReloadAssembly
Symbol file LoadedFromMemory doesn't match image C:\acamlated\Unity\Defend\Defend\Library\PackageCache\com.unity.visualscripting@1.8.0\Editor\VisualScripting.Core\Dependencies\YamlDotNet\Unity.VisualScripting.YamlDotNet.dll
Symbol file LoadedFromMemory doesn't match image C:\acamlated\Unity\Defend\Defend\Library\PackageCache\com.unity.visualscripting@1.8.0\Editor\VisualScripting.Core\Dependencies\DotNetZip\Unity.VisualScripting.IonicZip.dll
- Loaded All Assemblies, in  0.712 seconds
Refreshing native plugins compatible for Editor in 2.36 ms, found 3 plugins.
Native extension for WindowsStandalone target not found
Native extension for Android target not found
Package Manager log level set to [2]
[Package Manager] Server::EnsureServerProcessIsRunning -- launch failed, reason: Unity was launched with the -noUpm command-line argument
[Package Manager] UpmClient::Send -- Unable to send message (not connected to UPM process).
[Package Manager] Cannot connect to Unity Package Manager local server
Mono: successfully reloaded assembly
- Finished resetting the current domain, in  0.485 seconds
Domain Reload Profiling: 1195ms
	BeginReloadAssembly (91ms)
		ExecutionOrderSort (0ms)
		DisableScriptedObjects (4ms)
		BackupInstance (0ms)
		ReleaseScriptingObjects (0ms)
		CreateAndSetChildDomain (15ms)
	RebuildCommonClasses (26ms)
	RebuildNativeTypeToScriptingClass (8ms)
	initialDomainReloadingComplete (32ms)
	LoadAllAssembliesAndSetupDomain (552ms)
		LoadAssemblies (239ms)
		RebuildTransferFunctionScriptingTraits (0ms)
		AnalyzeDomain (356ms)
			TypeCache.Refresh (335ms)
				TypeCache.ScanAssembly (321ms)
			ScanForSourceGeneratedMonoScriptInfo (17ms)
			ResolveRequiredComponents (3ms)
	FinalizeReload (486ms)
		ReleaseScriptCaches (0ms)
		RebuildScriptCaches (0ms)
		SetupLoadedEditorAssemblies (331ms)
			LogAssemblyErrors (0ms)
			InitializePlatformSupportModulesInManaged (23ms)
			SetLoadedEditorAssemblies (3ms)
			RefreshPlugins (0ms)
			BeforeProcessingInitializeOnLoad (49ms)
			ProcessInitializeOnLoadAttributes (236ms)
			ProcessInitializeOnLoadMethodAttributes (15ms)
			AfterProcessingInitializeOnLoad (4ms)
			EditorAssembliesLoaded (0ms)
		ExecutionOrderSort2 (0ms)
		AwakeInstancesAfterBackupRestoration (5ms)
Launched and connected shader compiler UnityShaderCompiler.exe after 0.04 seconds
Refreshing native plugins compatible for Editor in 2.99 ms, found 3 plugins.
Preloading 0 native plugins for Editor in 0.00 ms.
Unloading 3279 Unused Serialized files (Serialized files now loaded: 0)
Unloading 44 unused Assets / (129.7 KB). Loaded Objects now: 3743.
Memory consumption went from 127.4 MB to 127.3 MB.
Total: 2.566900 ms (FindLiveObjects: 0.230400 ms CreateObjectMapping: 0.113900 ms MarkObjects: 2.116500 ms  DeleteObjects: 0.105400 ms)

AssetImportParameters requested are different than current active one (requested -> active):
  custom:container-demuxer-ogg: 62fdf1f143b41e24485cea50d1cbac27 -> 
  custom:video-codec-MediaFoundation-h265: 746d11721c4dcdbdad8f713fa42b33f4 -> 
  custom:video-decoder-ogg-theora: a1e56fd34408186e4bbccfd4996cb3dc -> 
  custom:framework-win-MediaFoundation: 216162199b28c13a410421893ffa2e32 -> 
  custom:CustomObjectIndexerAttribute: 756ad292c208cfabdd7b50bc23989ffe -> 
  custom:container-demuxer-webm: 4f35f7cbe854078d1ac9338744f61a02 -> 
  custom:container-muxer-webm: aa71ff27fc2769a1b78a27578f13a17b -> 
  custom:video-decoder-webm-vp8: 9c59270c3fd7afecdb556c50c9e8de78 -> 
  custom:SearchIndexIgnoredProperties: e643bd26f0fe6173181afceb89e7c659 -> 
  custom:AudioImporter_EditorPlatform: d09bf68614088b80899f8185d706f6e7 -> 
  custom:video-encoder-webm-vp8: eb34c28f22e8b96e1ab97ce403110664 -> 
  custom:audio-decoder-ogg-vorbis: bf7c407c2cedff20999df2af8eb42d56 -> 
  custom:audio-encoder-webm-vorbis: bf7c407c2cedff20999df2af8eb42d56 -> 
========================================================================
Received Import Request.
  Time since last request: 238.646780 seconds.
  path: Assets/Prefabs/Ground Block.prefab
  artifactKey: Guid(56cc786e9fc95b64c877c439706cdbe2) Importer(815301076,1909f56bfc062723c751e8b465ee728b)
Start importing Assets/Prefabs/Ground Block.prefab using Guid(56cc786e9fc95b64c877c439706cdbe2) Importer(815301076,1909f56bfc062723c751e8b465ee728b)  -> (artifact id: 'e2fbce89c54cb1b24d484db53519e0e8') in 0.058277 seconds
Number of updated asset objects reloaded before import = 0
Number of asset objects unloaded after import = 7
========================================================================
Received Import Request.
  Time since last request: 39.691180 seconds.
  path: Assets/Prefabs/Ground Block.prefab
  artifactKey: Guid(56cc786e9fc95b64c877c439706cdbe2) Importer(815301076,1909f56bfc062723c751e8b465ee728b)
Start importing Assets/Prefabs/Ground Block.prefab using Guid(56cc786e9fc95b64c877c439706cdbe2) Importer(815301076,1909f56bfc062723c751e8b465ee728b)  -> (artifact id: '99193ab2008fa491547f2cf5eee22d98') in 0.008196 seconds
Number of updated asset objects reloaded before import = 0
Number of asset objects unloaded after import = 7
========================================================================
Received Import Request.
  Time since last request: 0.000015 seconds.
  path: Assets/Prefabs/Walkable Block.prefab
  artifactKey: Guid(7a7f73a720ef8a7438a99eda1fe9a0aa) Importer(815301076,1909f56bfc062723c751e8b465ee728b)
Start importing Assets/Prefabs/Walkable Block.prefab using Guid(7a7f73a720ef8a7438a99eda1fe9a0aa) Importer(815301076,1909f56bfc062723c751e8b465ee728b)  -> (artifact id: '6e2a138aec77ffbc47b54a2ec4ef64ba') in 0.005283 seconds
Number of updated asset objects reloaded before import = 0
Number of asset objects unloaded after import = 7
========================================================================
Received Import Request.
  Time since last request: 83.080425 seconds.
  path: Assets/Prefabs/Walkable Ground Set.prefab
  artifactKey: Guid(0c4a0f67f0748e944b7319146b60650b) Importer(815301076,1909f56bfc062723c751e8b465ee728b)
Start importing Assets/Prefabs/Walkable Ground Set.prefab using Guid(0c4a0f67f0748e944b7319146b60650b) Importer(815301076,1909f56bfc062723c751e8b465ee728b)  -> (artifact id: '2188f531e49e6c168210d2128c0a22da') in 0.017395 seconds
Number of updated asset objects reloaded before import = 0
Number of asset objects unloaded after import = 451
========================================================================
Received Import Request.
  Time since last request: 1.574106 seconds.
  path: Assets/Prefabs/Walkable Ground Set.prefab
  artifactKey: Guid(0c4a0f67f0748e944b7319146b60650b) Importer(815301076,1909f56bfc062723c751e8b465ee728b)
Start importing Assets/Prefabs/Walkable Ground Set.prefab using Guid(0c4a0f67f0748e944b7319146b60650b) Importer(815301076,1909f56bfc062723c751e8b465ee728b)  -> (artifact id: 'f2beb79dce6b3e7dae7967dfc7e294ac') in 0.015550 seconds
Number of updated asset objects reloaded before import = 0
Number of asset objects unloaded after import = 442
========================================================================
Received Import Request.
  Time since last request: 0.783981 seconds.
  path: Assets/Prefabs/Walkable Ground Set.prefab
  artifactKey: Guid(0c4a0f67f0748e944b7319146b60650b) Importer(815301076,1909f56bfc062723c751e8b465ee728b)
Start importing Assets/Prefabs/Walkable Ground Set.prefab using Guid(0c4a0f67f0748e944b7319146b60650b) Importer(815301076,1909f56bfc062723c751e8b465ee728b)  -> (artifact id: '54b35dafeacd4bf35929700673676d23') in 0.016378 seconds
Number of updated asset objects reloaded before import = 0
Number of asset objects unloaded after import = 433
========================================================================
Received Import Request.
  Time since last request: 0.383271 seconds.
  path: Assets/Prefabs/Walkable Ground Set.prefab
  artifactKey: Guid(0c4a0f67f0748e944b7319146b60650b) Importer(815301076,1909f56bfc062723c751e8b465ee728b)
Start importing Assets/Prefabs/Walkable Ground Set.prefab using Guid(0c4a0f67f0748e944b7319146b60650b) Importer(815301076,1909f56bfc062723c751e8b465ee728b)  -> (artifact id: '584008766f976600ad4f327be323f0bb') in 0.021975 seconds
Number of updated asset objects reloaded before import = 0
Number of asset objects unloaded after import = 424
========================================================================
Received Import Request.
  Time since last request: 0.391755 seconds.
  path: Assets/Prefabs/Walkable Ground Set.prefab
  artifactKey: Guid(0c4a0f67f0748e944b7319146b60650b) Importer(815301076,1909f56bfc062723c751e8b465ee728b)
Start importing Assets/Prefabs/Walkable Ground Set.prefab using Guid(0c4a0f67f0748e944b7319146b60650b) Importer(815301076,1909f56bfc062723c751e8b465ee728b)  -> (artifact id: '3bdc8471153a0dda8e9daa822201e139') in 0.016786 seconds
Number of updated asset objects reloaded before import = 0
Number of asset objects unloaded after import = 415
========================================================================
Received Import Request.
  Time since last request: 0.580449 seconds.
  path: Assets/Prefabs/Walkable Ground Set.prefab
  artifactKey: Guid(0c4a0f67f0748e944b7319146b60650b) Importer(815301076,1909f56bfc062723c751e8b465ee728b)
Start importing Assets/Prefabs/Walkable Ground Set.prefab using Guid(0c4a0f67f0748e944b7319146b60650b) Importer(815301076,1909f56bfc062723c751e8b465ee728b)  -> (artifact id: '2fe5b78a0ec9c42ffd862205af220944') in 0.018488 seconds
Number of updated asset objects reloaded before import = 0
Number of asset objects unloaded after import = 406
========================================================================
Received Import Request.
  Time since last request: 0.585093 seconds.
  path: Assets/Prefabs/Walkable Ground Set.prefab
  artifactKey: Guid(0c4a0f67f0748e944b7319146b60650b) Importer(815301076,1909f56bfc062723c751e8b465ee728b)
Start importing Assets/Prefabs/Walkable Ground Set.prefab using Guid(0c4a0f67f0748e944b7319146b60650b) Importer(815301076,1909f56bfc062723c751e8b465ee728b)  -> (artifact id: '912fbef59dba875fd17fc22a4016975f') in 0.016025 seconds
Number of updated asset objects reloaded before import = 0
Number of asset objects unloaded after import = 397
========================================================================
Received Import Request.
  Time since last request: 10.870908 seconds.
  path: Assets/Prefabs/Walkable Ground Set.prefab
  artifactKey: Guid(0c4a0f67f0748e944b7319146b60650b) Importer(815301076,1909f56bfc062723c751e8b465ee728b)
Start importing Assets/Prefabs/Walkable Ground Set.prefab using Guid(0c4a0f67f0748e944b7319146b60650b) Importer(815301076,1909f56bfc062723c751e8b465ee728b)  -> (artifact id: 'b8c535547ee2979766b90d1a3a24a0f6') in 0.017998 seconds
Number of updated asset objects reloaded before import = 0
Number of asset objects unloaded after import = 451
========================================================================
Received Import Request.
  Time since last request: 0.589790 seconds.
  path: Assets/Prefabs/Walkable Ground Set.prefab
  artifactKey: Guid(0c4a0f67f0748e944b7319146b60650b) Importer(815301076,1909f56bfc062723c751e8b465ee728b)
Start importing Assets/Prefabs/Walkable Ground Set.prefab using Guid(0c4a0f67f0748e944b7319146b60650b) Importer(815301076,1909f56bfc062723c751e8b465ee728b)  -> (artifact id: '6fa7d5fa93809cf8ea975323bbc292f4') in 0.015599 seconds
Number of updated asset objects reloaded before import = 0
Number of asset objects unloaded after import = 442
========================================================================
Received Import Request.
  Time since last request: 0.403298 seconds.
  path: Assets/Prefabs/Walkable Ground Set.prefab
  artifactKey: Guid(0c4a0f67f0748e944b7319146b60650b) Importer(815301076,1909f56bfc062723c751e8b465ee728b)
Start importing Assets/Prefabs/Walkable Ground Set.prefab using Guid(0c4a0f67f0748e944b7319146b60650b) Importer(815301076,1909f56bfc062723c751e8b465ee728b)  -> (artifact id: '51c2096e6be459ea76c6d2c282528913') in 0.014765 seconds
Number of updated asset objects reloaded before import = 0
Number of asset objects unloaded after import = 433
========================================================================
Received Import Request.
  Time since last request: 0.366044 seconds.
  path: Assets/Prefabs/Walkable Ground Set.prefab
  artifactKey: Guid(0c4a0f67f0748e944b7319146b60650b) Importer(815301076,1909f56bfc062723c751e8b465ee728b)
Start importing Assets/Prefabs/Walkable Ground Set.prefab using Guid(0c4a0f67f0748e944b7319146b60650b) Importer(815301076,1909f56bfc062723c751e8b465ee728b)  -> (artifact id: 'a653997d2d55484df3dedff03d14ed2b') in 0.015255 seconds
Number of updated asset objects reloaded before import = 0
Number of asset objects unloaded after import = 424
========================================================================
Received Import Request.
  Time since last request: 0.388570 seconds.
  path: Assets/Prefabs/Walkable Ground Set.prefab
  artifactKey: Guid(0c4a0f67f0748e944b7319146b60650b) Importer(815301076,1909f56bfc062723c751e8b465ee728b)
Start importing Assets/Prefabs/Walkable Ground Set.prefab using Guid(0c4a0f67f0748e944b7319146b60650b) Importer(815301076,1909f56bfc062723c751e8b465ee728b)  -> (artifact id: '07fbd9bdd36995df5f3609fb29902259') in 0.016275 seconds
Number of updated asset objects reloaded before import = 0
Number of asset objects unloaded after import = 415
========================================================================
Received Import Request.
  Time since last request: 6.615821 seconds.
  path: Assets/Prefabs/Walkable Ground Set.prefab
  artifactKey: Guid(0c4a0f67f0748e944b7319146b60650b) Importer(815301076,1909f56bfc062723c751e8b465ee728b)
Start importing Assets/Prefabs/Walkable Ground Set.prefab using Guid(0c4a0f67f0748e944b7319146b60650b) Importer(815301076,1909f56bfc062723c751e8b465ee728b)  -> (artifact id: '58d85db0433ac925079efa1961f0332c') in 0.014945 seconds
Number of updated asset objects reloaded before import = 0
Number of asset objects unloaded after import = 439
========================================================================
Received Import Request.
  Time since last request: 1.410290 seconds.
  path: Assets/Prefabs/Walkable Ground Set.prefab
  artifactKey: Guid(0c4a0f67f0748e944b7319146b60650b) Importer(815301076,1909f56bfc062723c751e8b465ee728b)
Start importing Assets/Prefabs/Walkable Ground Set.prefab using Guid(0c4a0f67f0748e944b7319146b60650b) Importer(815301076,1909f56bfc062723c751e8b465ee728b)  -> (artifact id: '3c3db19cd05ac13724505d76e142d63e') in 0.018805 seconds
Number of updated asset objects reloaded before import = 0
Number of asset objects unloaded after import = 439
========================================================================
Received Import Request.
  Time since last request: 2.586734 seconds.
  path: Assets/Prefabs/Walkable Ground Set.prefab
  artifactKey: Guid(0c4a0f67f0748e944b7319146b60650b) Importer(815301076,1909f56bfc062723c751e8b465ee728b)
Start importing Assets/Prefabs/Walkable Ground Set.prefab using Guid(0c4a0f67f0748e944b7319146b60650b) Importer(815301076,1909f56bfc062723c751e8b465ee728b)  -> (artifact id: 'e0e2ec99e868d5111b2297374fe9987d') in 0.014370 seconds
Number of updated asset objects reloaded before import = 0
Number of asset objects unloaded after import = 439
========================================================================
Received Import Request.
  Time since last request: 1.206912 seconds.
  path: Assets/Prefabs/Walkable Ground Set.prefab
  artifactKey: Guid(0c4a0f67f0748e944b7319146b60650b) Importer(815301076,1909f56bfc062723c751e8b465ee728b)
Start importing Assets/Prefabs/Walkable Ground Set.prefab using Guid(0c4a0f67f0748e944b7319146b60650b) Importer(815301076,1909f56bfc062723c751e8b465ee728b)  -> (artifact id: '6bee802217c8017de3b231b4737f2721') in 0.015070 seconds
Number of updated asset objects reloaded before import = 0
Number of asset objects unloaded after import = 448
========================================================================
Received Import Request.
  Time since last request: 1.403132 seconds.
  path: Assets/Prefabs/Walkable Ground Set.prefab
  artifactKey: Guid(0c4a0f67f0748e944b7319146b60650b) Importer(815301076,1909f56bfc062723c751e8b465ee728b)
Start importing Assets/Prefabs/Walkable Ground Set.prefab using Guid(0c4a0f67f0748e944b7319146b60650b) Importer(815301076,1909f56bfc062723c751e8b465ee728b)  -> (artifact id: 'f7ee893d8807311b5cc916545e9a9369') in 0.021701 seconds
Number of updated asset objects reloaded before import = 0
Number of asset objects unloaded after import = 448
========================================================================
Received Import Request.
  Time since last request: 1.377829 seconds.
  path: Assets/Prefabs/Walkable Ground Set.prefab
  artifactKey: Guid(0c4a0f67f0748e944b7319146b60650b) Importer(815301076,1909f56bfc062723c751e8b465ee728b)
Start importing Assets/Prefabs/Walkable Ground Set.prefab using Guid(0c4a0f67f0748e944b7319146b60650b) Importer(815301076,1909f56bfc062723c751e8b465ee728b)  -> (artifact id: '723640642f9591a8a013fb95c6fb3149') in 0.016652 seconds
Number of updated asset objects reloaded before import = 0
Number of asset objects unloaded after import = 457
========================================================================
Received Import Request.
  Time since last request: 1.595383 seconds.
  path: Assets/Prefabs/Walkable Ground Set.prefab
  artifactKey: Guid(0c4a0f67f0748e944b7319146b60650b) Importer(815301076,1909f56bfc062723c751e8b465ee728b)
Start importing Assets/Prefabs/Walkable Ground Set.prefab using Guid(0c4a0f67f0748e944b7319146b60650b) Importer(815301076,1909f56bfc062723c751e8b465ee728b)  -> (artifact id: 'adf26038312415b5db2732d2d685d5f6') in 0.015806 seconds
Number of updated asset objects reloaded before import = 0
Number of asset objects unloaded after import = 457
========================================================================
Received Import Request.
  Time since last request: 0.789027 seconds.
  path: Assets/Prefabs/Walkable Ground Set.prefab
  artifactKey: Guid(0c4a0f67f0748e944b7319146b60650b) Importer(815301076,1909f56bfc062723c751e8b465ee728b)
Start importing Assets/Prefabs/Walkable Ground Set.prefab using Guid(0c4a0f67f0748e944b7319146b60650b) Importer(815301076,1909f56bfc062723c751e8b465ee728b)  -> (artifact id: 'e379060e4e4d478ae6093c42ec6e0969') in 0.015629 seconds
Number of updated asset objects reloaded before import = 0
Number of asset objects unloaded after import = 466
========================================================================
Received Import Request.
  Time since last request: 1.400310 seconds.
  path: Assets/Prefabs/Walkable Ground Set.prefab
  artifactKey: Guid(0c4a0f67f0748e944b7319146b60650b) Importer(815301076,1909f56bfc062723c751e8b465ee728b)
Start importing Assets/Prefabs/Walkable Ground Set.prefab using Guid(0c4a0f67f0748e944b7319146b60650b) Importer(815301076,1909f56bfc062723c751e8b465ee728b)  -> (artifact id: '8e51af0f5124204d7f8db09d454034f9') in 0.017447 seconds
Number of updated asset objects reloaded before import = 0
Number of asset objects unloaded after import = 466
========================================================================
Received Import Request.
  Time since last request: 163.267853 seconds.
  path: Assets/Prefabs/Walkable Block.prefab
  artifactKey: Guid(7a7f73a720ef8a7438a99eda1fe9a0aa) Importer(815301076,1909f56bfc062723c751e8b465ee728b)
Start importing Assets/Prefabs/Walkable Block.prefab using Guid(7a7f73a720ef8a7438a99eda1fe9a0aa) Importer(815301076,1909f56bfc062723c751e8b465ee728b)  -> (artifact id: 'f96e77017d3b49ea844d3bc08b8b6868') in 0.008519 seconds
Number of updated asset objects reloaded before import = 0
Number of asset objects unloaded after import = 7
========================================================================
Received Import Request.
  Time since last request: 0.000015 seconds.
  path: Assets/Prefabs/Walkable Ground Set.prefab
  artifactKey: Guid(0c4a0f67f0748e944b7319146b60650b) Importer(815301076,1909f56bfc062723c751e8b465ee728b)
Start importing Assets/Prefabs/Walkable Ground Set.prefab using Guid(0c4a0f67f0748e944b7319146b60650b) Importer(815301076,1909f56bfc062723c751e8b465ee728b)  -> (artifact id: 'ad6a2dcff759db7b2f51bf6d89c6ae26') in 0.009774 seconds
Number of updated asset objects reloaded before import = 0
Number of asset objects unloaded after import = 466
========================================================================
Received Import Request.
  Time since last request: 6.265147 seconds.
  path: Assets/Prefabs/Ground Block.prefab
  artifactKey: Guid(56cc786e9fc95b64c877c439706cdbe2) Importer(815301076,1909f56bfc062723c751e8b465ee728b)
Start importing Assets/Prefabs/Ground Block.prefab using Guid(56cc786e9fc95b64c877c439706cdbe2) Importer(815301076,1909f56bfc062723c751e8b465ee728b)  -> (artifact id: 'd149b3e75ae911b9b6514528f62be7a8') in 0.007156 seconds
Number of updated asset objects reloaded before import = 0
Number of asset objects unloaded after import = 7
========================================================================
Received Import Request.
  Time since last request: 0.000012 seconds.
  path: Assets/Prefabs/Walkable Ground Set.prefab
  artifactKey: Guid(0c4a0f67f0748e944b7319146b60650b) Importer(815301076,1909f56bfc062723c751e8b465ee728b)
Start importing Assets/Prefabs/Walkable Ground Set.prefab using Guid(0c4a0f67f0748e944b7319146b60650b) Importer(815301076,1909f56bfc062723c751e8b465ee728b)  -> (artifact id: '82cda95cafeff22e1bc3fd1ff2dd67ce') in 0.014613 seconds
Number of updated asset objects reloaded before import = 0
Number of asset objects unloaded after import = 466
========================================================================
Received Import Request.
  Time since last request: 4.432936 seconds.
  path: Assets/Prefabs/Ground Block.prefab
  artifactKey: Guid(56cc786e9fc95b64c877c439706cdbe2) Importer(815301076,1909f56bfc062723c751e8b465ee728b)
Start importing Assets/Prefabs/Ground Block.prefab using Guid(56cc786e9fc95b64c877c439706cdbe2) Importer(815301076,1909f56bfc062723c751e8b465ee728b)  -> (artifact id: 'f00ed7df67e4a24398154d50bcf03aff') in 0.005329 seconds
Number of updated asset objects reloaded before import = 0
Number of asset objects unloaded after import = 7
========================================================================
Received Import Request.
  Time since last request: 0.000013 seconds.
  path: Assets/Prefabs/Walkable Ground Set.prefab
  artifactKey: Guid(0c4a0f67f0748e944b7319146b60650b) Importer(815301076,1909f56bfc062723c751e8b465ee728b)
Start importing Assets/Prefabs/Walkable Ground Set.prefab using Guid(0c4a0f67f0748e944b7319146b60650b) Importer(815301076,1909f56bfc062723c751e8b465ee728b)  -> (artifact id: '6e108a1973af579f1408f42581235e88') in 0.015124 seconds
Number of updated asset objects reloaded before import = 0
Number of asset objects unloaded after import = 466
========================================================================
Received Import Request.
  Time since last request: 8.846269 seconds.
  path: Assets/Prefabs/Walkable Ground Set.prefab
  artifactKey: Guid(0c4a0f67f0748e944b7319146b60650b) Importer(815301076,1909f56bfc062723c751e8b465ee728b)
Start importing Assets/Prefabs/Walkable Ground Set.prefab using Guid(0c4a0f67f0748e944b7319146b60650b) Importer(815301076,1909f56bfc062723c751e8b465ee728b)  -> (artifact id: '13e27f1bcb53dd1a4602a628b14fb315') in 0.015348 seconds
Number of updated asset objects reloaded before import = 0
Number of asset objects unloaded after import = 241
========================================================================
Received Import Request.
  Time since last request: 3.987864 seconds.
  path: Assets/Prefabs/Walkable Ground Set.prefab
  artifactKey: Guid(0c4a0f67f0748e944b7319146b60650b) Importer(815301076,1909f56bfc062723c751e8b465ee728b)
Start importing Assets/Prefabs/Walkable Ground Set.prefab using Guid(0c4a0f67f0748e944b7319146b60650b) Importer(815301076,1909f56bfc062723c751e8b465ee728b)  -> (artifact id: 'c5518fe57abb4fd8d5f7ab739f8d49e2') in 0.001714 seconds
Number of updated asset objects reloaded before import = 0
Number of asset objects unloaded after import = 13
========================================================================
Received Import Request.
  Time since last request: 14.293273 seconds.
  path: Assets/Prefabs/Walkable Ground Set.prefab
  artifactKey: Guid(0c4a0f67f0748e944b7319146b60650b) Importer(815301076,1909f56bfc062723c751e8b465ee728b)
Start importing Assets/Prefabs/Walkable Ground Set.prefab using Guid(0c4a0f67f0748e944b7319146b60650b) Importer(815301076,1909f56bfc062723c751e8b465ee728b)  -> (artifact id: '73b86f75b821773ca047de7df3156093') in 0.020140 seconds
Number of updated asset objects reloaded before import = 0
Number of asset objects unloaded after import = 28
========================================================================
Received Import Request.
  Time since last request: 2.007306 seconds.
  path: Assets/Prefabs/Walkable Ground Set.prefab
  artifactKey: Guid(0c4a0f67f0748e944b7319146b60650b) Importer(815301076,1909f56bfc062723c751e8b465ee728b)
Start importing Assets/Prefabs/Walkable Ground Set.prefab using Guid(0c4a0f67f0748e944b7319146b60650b) Importer(815301076,1909f56bfc062723c751e8b465ee728b)  -> (artifact id: '28519a097767cd052b1e3343d95e69bb') in 0.017754 seconds
Number of updated asset objects reloaded before import = 0
Number of asset objects unloaded after import = 28
========================================================================
Received Import Request.
  Time since last request: 10.651774 seconds.
  path: Assets/Prefabs/Walkable Ground Set.prefab
  artifactKey: Guid(0c4a0f67f0748e944b7319146b60650b) Importer(815301076,1909f56bfc062723c751e8b465ee728b)
Start importing Assets/Prefabs/Walkable Ground Set.prefab using Guid(0c4a0f67f0748e944b7319146b60650b) Importer(815301076,1909f56bfc062723c751e8b465ee728b)  -> (artifact id: '07b98573c676b88860b0d90c4fde3d8a') in 0.014986 seconds
Number of updated asset objects reloaded before import = 0
Number of asset objects unloaded after import = 37
========================================================================
Received Import Request.
  Time since last request: 2.405336 seconds.
  path: Assets/Prefabs/Walkable Ground Set.prefab
  artifactKey: Guid(0c4a0f67f0748e944b7319146b60650b) Importer(815301076,1909f56bfc062723c751e8b465ee728b)
Start importing Assets/Prefabs/Walkable Ground Set.prefab using Guid(0c4a0f67f0748e944b7319146b60650b) Importer(815301076,1909f56bfc062723c751e8b465ee728b)  -> (artifact id: 'a3d11e811d85b3f4a8c3073b66855d7b') in 0.013489 seconds
Number of updated asset objects reloaded before import = 0
Number of asset objects unloaded after import = 37
========================================================================
Received Import Request.
  Time since last request: 0.588173 seconds.
  path: Assets/Prefabs/Walkable Ground Set.prefab
  artifactKey: Guid(0c4a0f67f0748e944b7319146b60650b) Importer(815301076,1909f56bfc062723c751e8b465ee728b)
Start importing Assets/Prefabs/Walkable Ground Set.prefab using Guid(0c4a0f67f0748e944b7319146b60650b) Importer(815301076,1909f56bfc062723c751e8b465ee728b)  -> (artifact id: 'c3c7d9a9fd69ff84a7ad366de0fe0b37') in 0.022933 seconds
Number of updated asset objects reloaded before import = 0
Number of asset objects unloaded after import = 46
========================================================================
Received Import Request.
  Time since last request: 1.385908 seconds.
  path: Assets/Prefabs/Walkable Ground Set.prefab
  artifactKey: Guid(0c4a0f67f0748e944b7319146b60650b) Importer(815301076,1909f56bfc062723c751e8b465ee728b)
Start importing Assets/Prefabs/Walkable Ground Set.prefab using Guid(0c4a0f67f0748e944b7319146b60650b) Importer(815301076,1909f56bfc062723c751e8b465ee728b)  -> (artifact id: '7379ae934f92fa50dee82528e6c59bbd') in 0.013362 seconds
Number of updated asset objects reloaded before import = 0
Number of asset objects unloaded after import = 46
========================================================================
Received Import Request.
  Time since last request: 0.403447 seconds.
  path: Assets/Prefabs/Walkable Ground Set.prefab
  artifactKey: Guid(0c4a0f67f0748e944b7319146b60650b) Importer(815301076,1909f56bfc062723c751e8b465ee728b)
Start importing Assets/Prefabs/Walkable Ground Set.prefab using Guid(0c4a0f67f0748e944b7319146b60650b) Importer(815301076,1909f56bfc062723c751e8b465ee728b)  -> (artifact id: '6471acd3fd0f20bd9e84452f3055f690') in 0.013285 seconds
Number of updated asset objects reloaded before import = 0
Number of asset objects unloaded after import = 55
========================================================================
Received Import Request.
  Time since last request: 1.801839 seconds.
  path: Assets/Prefabs/Walkable Ground Set.prefab
  artifactKey: Guid(0c4a0f67f0748e944b7319146b60650b) Importer(815301076,1909f56bfc062723c751e8b465ee728b)
Start importing Assets/Prefabs/Walkable Ground Set.prefab using Guid(0c4a0f67f0748e944b7319146b60650b) Importer(815301076,1909f56bfc062723c751e8b465ee728b)  -> (artifact id: '916dab1380e7ad9ace6ce9c6a591814f') in 0.014689 seconds
Number of updated asset objects reloaded before import = 0
Number of asset objects unloaded after import = 55
========================================================================
Received Import Request.
  Time since last request: 1.022431 seconds.
  path: Assets/Prefabs/Walkable Ground Set.prefab
  artifactKey: Guid(0c4a0f67f0748e944b7319146b60650b) Importer(815301076,1909f56bfc062723c751e8b465ee728b)
Start importing Assets/Prefabs/Walkable Ground Set.prefab using Guid(0c4a0f67f0748e944b7319146b60650b) Importer(815301076,1909f56bfc062723c751e8b465ee728b)  -> (artifact id: '441493bcc1caba240d354898dbdb4278') in 0.017038 seconds
Number of updated asset objects reloaded before import = 0
Number of asset objects unloaded after import = 64
========================================================================
Received Import Request.
  Time since last request: 3.011416 seconds.
  path: Assets/Prefabs/Walkable Ground Set.prefab
  artifactKey: Guid(0c4a0f67f0748e944b7319146b60650b) Importer(815301076,1909f56bfc062723c751e8b465ee728b)
Start importing Assets/Prefabs/Walkable Ground Set.prefab using Guid(0c4a0f67f0748e944b7319146b60650b) Importer(815301076,1909f56bfc062723c751e8b465ee728b)  -> (artifact id: '55c256c13e8fdd6c4a418969030f6df5') in 0.013904 seconds
Number of updated asset objects reloaded before import = 0
Number of asset objects unloaded after import = 64
========================================================================
Received Import Request.
  Time since last request: 0.593420 seconds.
  path: Assets/Prefabs/Walkable Ground Set.prefab
  artifactKey: Guid(0c4a0f67f0748e944b7319146b60650b) Importer(815301076,1909f56bfc062723c751e8b465ee728b)
Start importing Assets/Prefabs/Walkable Ground Set.prefab using Guid(0c4a0f67f0748e944b7319146b60650b) Importer(815301076,1909f56bfc062723c751e8b465ee728b)  -> (artifact id: 'a94868373c33dd021131afc774aa41e8') in 0.006992 seconds
Number of updated asset objects reloaded before import = 0
Number of asset objects unloaded after import = 73
========================================================================
Received Import Request.
  Time since last request: 1.599213 seconds.
  path: Assets/Prefabs/Walkable Ground Set.prefab
  artifactKey: Guid(0c4a0f67f0748e944b7319146b60650b) Importer(815301076,1909f56bfc062723c751e8b465ee728b)
Start importing Assets/Prefabs/Walkable Ground Set.prefab using Guid(0c4a0f67f0748e944b7319146b60650b) Importer(815301076,1909f56bfc062723c751e8b465ee728b)  -> (artifact id: '7b808b7962ee029b80001d35077d1861') in 0.015966 seconds
Number of updated asset objects reloaded before import = 0
Number of asset objects unloaded after import = 73
========================================================================
Received Import Request.
  Time since last request: 0.394532 seconds.
  path: Assets/Prefabs/Walkable Ground Set.prefab
  artifactKey: Guid(0c4a0f67f0748e944b7319146b60650b) Importer(815301076,1909f56bfc062723c751e8b465ee728b)
Start importing Assets/Prefabs/Walkable Ground Set.prefab using Guid(0c4a0f67f0748e944b7319146b60650b) Importer(815301076,1909f56bfc062723c751e8b465ee728b)  -> (artifact id: '859d683043b21499c4a4ddacfd165b88') in 0.014035 seconds
Number of updated asset objects reloaded before import = 0
Number of asset objects unloaded after import = 82
========================================================================
Received Import Request.
  Time since last request: 1.385190 seconds.
  path: Assets/Prefabs/Walkable Ground Set.prefab
  artifactKey: Guid(0c4a0f67f0748e944b7319146b60650b) Importer(815301076,1909f56bfc062723c751e8b465ee728b)
Start importing Assets/Prefabs/Walkable Ground Set.prefab using Guid(0c4a0f67f0748e944b7319146b60650b) Importer(815301076,1909f56bfc062723c751e8b465ee728b)  -> (artifact id: 'bb5301e00d8b352a3804269993984ba3') in 0.013874 seconds
Number of updated asset objects reloaded before import = 0
Number of asset objects unloaded after import = 82
========================================================================
Received Import Request.
  Time since last request: 5.422199 seconds.
  path: Assets/Prefabs/Walkable Ground Set.prefab
  artifactKey: Guid(0c4a0f67f0748e944b7319146b60650b) Importer(815301076,1909f56bfc062723c751e8b465ee728b)
Start importing Assets/Prefabs/Walkable Ground Set.prefab using Guid(0c4a0f67f0748e944b7319146b60650b) Importer(815301076,1909f56bfc062723c751e8b465ee728b)  -> (artifact id: '2fbfa563c0002441542d73495b86d988') in 0.015089 seconds
Number of updated asset objects reloaded before import = 0
Number of asset objects unloaded after import = 145
========================================================================
Received Import Request.
  Time since last request: 2.802895 seconds.
  path: Assets/Prefabs/Walkable Ground Set.prefab
  artifactKey: Guid(0c4a0f67f0748e944b7319146b60650b) Importer(815301076,1909f56bfc062723c751e8b465ee728b)
Start importing Assets/Prefabs/Walkable Ground Set.prefab using Guid(0c4a0f67f0748e944b7319146b60650b) Importer(815301076,1909f56bfc062723c751e8b465ee728b)  -> (artifact id: 'eed257fc3a5f1c5cecd82d661679318b') in 0.016852 seconds
Number of updated asset objects reloaded before import = 0
Number of asset objects unloaded after import = 145
========================================================================
Received Import Request.
  Time since last request: 0.791935 seconds.
  path: Assets/Prefabs/Walkable Ground Set.prefab
  artifactKey: Guid(0c4a0f67f0748e944b7319146b60650b) Importer(815301076,1909f56bfc062723c751e8b465ee728b)
Start importing Assets/Prefabs/Walkable Ground Set.prefab using Guid(0c4a0f67f0748e944b7319146b60650b) Importer(815301076,1909f56bfc062723c751e8b465ee728b)  -> (artifact id: 'f7c209a35cafb70f998e8eb8423e7cd0') in 0.017876 seconds
Number of updated asset objects reloaded before import = 0
Number of asset objects unloaded after import = 208
========================================================================
Received Import Request.
  Time since last request: 1.998815 seconds.
  path: Assets/Prefabs/Walkable Ground Set.prefab
  artifactKey: Guid(0c4a0f67f0748e944b7319146b60650b) Importer(815301076,1909f56bfc062723c751e8b465ee728b)
Start importing Assets/Prefabs/Walkable Ground Set.prefab using Guid(0c4a0f67f0748e944b7319146b60650b) Importer(815301076,1909f56bfc062723c751e8b465ee728b)  -> (artifact id: 'f67748084b5eee3d77d760e7cfca9d9a') in 0.018288 seconds
Number of updated asset objects reloaded before import = 0
Number of asset objects unloaded after import = 208
========================================================================
Received Import Request.
  Time since last request: 0.587150 seconds.
  path: Assets/Prefabs/Walkable Ground Set.prefab
  artifactKey: Guid(0c4a0f67f0748e944b7319146b60650b) Importer(815301076,1909f56bfc062723c751e8b465ee728b)
Start importing Assets/Prefabs/Walkable Ground Set.prefab using Guid(0c4a0f67f0748e944b7319146b60650b) Importer(815301076,1909f56bfc062723c751e8b465ee728b)  -> (artifact id: '3725832d4948a94390025523d58e1e4b') in 0.014175 seconds
Number of updated asset objects reloaded before import = 0
Number of asset objects unloaded after import = 271
========================================================================
Received Import Request.
  Time since last request: 1.797559 seconds.
  path: Assets/Prefabs/Walkable Ground Set.prefab
  artifactKey: Guid(0c4a0f67f0748e944b7319146b60650b) Importer(815301076,1909f56bfc062723c751e8b465ee728b)
Start importing Assets/Prefabs/Walkable Ground Set.prefab using Guid(0c4a0f67f0748e944b7319146b60650b) Importer(815301076,1909f56bfc062723c751e8b465ee728b)  -> (artifact id: 'f508155dd344063199cd8d50b8605023') in 0.014759 seconds
Number of updated asset objects reloaded before import = 0
Number of asset objects unloaded after import = 271
========================================================================
Received Import Request.
  Time since last request: 3.823574 seconds.
  path: Assets/Prefabs/Walkable Ground Set.prefab
  artifactKey: Guid(0c4a0f67f0748e944b7319146b60650b) Importer(815301076,1909f56bfc062723c751e8b465ee728b)
Start importing Assets/Prefabs/Walkable Ground Set.prefab using Guid(0c4a0f67f0748e944b7319146b60650b) Importer(815301076,1909f56bfc062723c751e8b465ee728b)  -> (artifact id: '165db5c199685f7e4f77c26b942338f8') in 0.020635 seconds
Number of updated asset objects reloaded before import = 0
Number of asset objects unloaded after import = 334
========================================================================
Received Import Request.
  Time since last request: 2.178014 seconds.
  path: Assets/Prefabs/Walkable Ground Set.prefab
  artifactKey: Guid(0c4a0f67f0748e944b7319146b60650b) Importer(815301076,1909f56bfc062723c751e8b465ee728b)
Start importing Assets/Prefabs/Walkable Ground Set.prefab using Guid(0c4a0f67f0748e944b7319146b60650b) Importer(815301076,1909f56bfc062723c751e8b465ee728b)  -> (artifact id: '9f7283a70f67cf47e54f3cf7b96dacb1') in 0.016074 seconds
Number of updated asset objects reloaded before import = 0
Number of asset objects unloaded after import = 334
========================================================================
Received Import Request.
  Time since last request: 0.658013 seconds.
  path: Assets/Prefabs/Walkable Ground Set.prefab
  artifactKey: Guid(0c4a0f67f0748e944b7319146b60650b) Importer(815301076,1909f56bfc062723c751e8b465ee728b)
Start importing Assets/Prefabs/Walkable Ground Set.prefab using Guid(0c4a0f67f0748e944b7319146b60650b) Importer(815301076,1909f56bfc062723c751e8b465ee728b)  -> (artifact id: '1d2520b7e5bbd400da22bdb73358750b') in 0.023436 seconds
Number of updated asset objects reloaded before import = 0
Number of asset objects unloaded after import = 397
========================================================================
Received Import Request.
  Time since last request: 1.714020 seconds.
  path: Assets/Prefabs/Walkable Ground Set.prefab
  artifactKey: Guid(0c4a0f67f0748e944b7319146b60650b) Importer(815301076,1909f56bfc062723c751e8b465ee728b)
Start importing Assets/Prefabs/Walkable Ground Set.prefab using Guid(0c4a0f67f0748e944b7319146b60650b) Importer(815301076,1909f56bfc062723c751e8b465ee728b)  -> (artifact id: '085a66afb97f8874a59dcf42a59a7f61') in 0.013185 seconds
Number of updated asset objects reloaded before import = 0
Number of asset objects unloaded after import = 397
========================================================================
Received Import Request.
  Time since last request: 0.604292 seconds.
  path: Assets/Prefabs/Walkable Ground Set.prefab
  artifactKey: Guid(0c4a0f67f0748e944b7319146b60650b) Importer(815301076,1909f56bfc062723c751e8b465ee728b)
Start importing Assets/Prefabs/Walkable Ground Set.prefab using Guid(0c4a0f67f0748e944b7319146b60650b) Importer(815301076,1909f56bfc062723c751e8b465ee728b)  -> (artifact id: '9335b55a6d1d14f1f8e950065c9e301c') in 0.015102 seconds
Number of updated asset objects reloaded before import = 0
Number of asset objects unloaded after import = 460
========================================================================
Received Import Request.
  Time since last request: 2.798879 seconds.
  path: Assets/Prefabs/Walkable Ground Set.prefab
  artifactKey: Guid(0c4a0f67f0748e944b7319146b60650b) Importer(815301076,1909f56bfc062723c751e8b465ee728b)
Start importing Assets/Prefabs/Walkable Ground Set.prefab using Guid(0c4a0f67f0748e944b7319146b60650b) Importer(815301076,1909f56bfc062723c751e8b465ee728b)  -> (artifact id: 'c58fc8d92cbbdd409a6e5aa73806dafe') in 0.014213 seconds
Number of updated asset objects reloaded before import = 0
Number of asset objects unloaded after import = 460
========================================================================
Received Import Request.
  Time since last request: 304.376009 seconds.
  path: Assets/Prefabs/Walkable Ground Set.prefab
  artifactKey: Guid(0c4a0f67f0748e944b7319146b60650b) Importer(815301076,1909f56bfc062723c751e8b465ee728b)
Start importing Assets/Prefabs/Walkable Ground Set.prefab using Guid(0c4a0f67f0748e944b7319146b60650b) Importer(815301076,1909f56bfc062723c751e8b465ee728b)  -> (artifact id: '86f463a481a63ca4dea08f0a2e1b99f8') in 0.011958 seconds
Number of updated asset objects reloaded before import = 0
Number of asset objects unloaded after import = 474
========================================================================
Received Prepare
Begin MonoManager ReloadAssembly
Symbol file LoadedFromMemory doesn't match image C:\acamlated\Unity\Defend\Defend\Library\PackageCache\com.unity.visualscripting@1.8.0\Editor\VisualScripting.Core\Dependencies\YamlDotNet\Unity.VisualScripting.YamlDotNet.dll
Symbol file LoadedFromMemory doesn't match image C:\acamlated\Unity\Defend\Defend\Library\PackageCache\com.unity.visualscripting@1.8.0\Editor\VisualScripting.Core\Dependencies\DotNetZip\Unity.VisualScripting.IonicZip.dll
- Loaded All Assemblies, in  2.029 seconds
Refreshing native plugins compatible for Editor in 3.28 ms, found 3 plugins.
