Using pre-set license
Built from '2022.3/staging' branch; Version is '2022.3.6f1 (b9e6e7e9fa2d) revision 12183271'; Using compiler version '192829333'; Build Type 'Release'
OS: 'Windows 11  (10.0.22621) 64bit Core' Language: 'en' Physical Memory: 32387 MB
BatchMode: 1, IsHumanControllingUs: 0, StartBugReporterOnCrash: 0, Is64bit: 1, IsPro: 1

COMMAND LINE ARGUMENTS:
C:\Program Files\Unity\Hub\Editor\2022.3.6f1\Editor\Unity.exe
-adb2
-batchMode
-noUpm
-name
AssetImportWorker0
-projectPath
C:/acamlated/Unity/Defend/Defend
-logFile
Logs/AssetImportWorker0.log
-srvPort
50203
Successfully changed project path to: C:/acamlated/Unity/Defend/Defend
C:/acamlated/Unity/Defend/Defend
[UnityMemory] Configuration Parameters - Can be set up in boot.config
    "memorysetup-bucket-allocator-granularity=16"
    "memorysetup-bucket-allocator-bucket-count=8"
    "memorysetup-bucket-allocator-block-size=33554432"
    "memorysetup-bucket-allocator-block-count=8"
    "memorysetup-main-allocator-block-size=16777216"
    "memorysetup-thread-allocator-block-size=16777216"
    "memorysetup-gfx-main-allocator-block-size=16777216"
    "memorysetup-gfx-thread-allocator-block-size=16777216"
    "memorysetup-cache-allocator-block-size=4194304"
    "memorysetup-typetree-allocator-block-size=2097152"
    "memorysetup-profiler-bucket-allocator-granularity=16"
    "memorysetup-profiler-bucket-allocator-bucket-count=8"
    "memorysetup-profiler-bucket-allocator-block-size=33554432"
    "memorysetup-profiler-bucket-allocator-block-count=8"
    "memorysetup-profiler-allocator-block-size=16777216"
    "memorysetup-profiler-editor-allocator-block-size=1048576"
    "memorysetup-temp-allocator-size-main=16777216"
    "memorysetup-job-temp-allocator-block-size=2097152"
    "memorysetup-job-temp-allocator-block-size-background=1048576"
    "memorysetup-job-temp-allocator-reduction-small-platforms=262144"
    "memorysetup-allocator-temp-initial-block-size-main=262144"
    "memorysetup-allocator-temp-initial-block-size-worker=262144"
    "memorysetup-temp-allocator-size-background-worker=32768"
    "memorysetup-temp-allocator-size-job-worker=262144"
    "memorysetup-temp-allocator-size-preload-manager=33554432"
    "memorysetup-temp-allocator-size-nav-mesh-worker=65536"
    "memorysetup-temp-allocator-size-audio-worker=65536"
    "memorysetup-temp-allocator-size-cloud-worker=32768"
    "memorysetup-temp-allocator-size-gi-baking-worker=262144"
    "memorysetup-temp-allocator-size-gfx=262144"
Player connection [5380] Host "[IP] 192.168.5.54 [Port] 0 [Flags] 2 [Guid] 1487741781 [EditorId] 1487741781 [Version] 1048832 [Id] WindowsEditor(7,A-L-3-4-23) [Debug] 1 [PackageName] WindowsEditor [ProjectName] Editor" joined multi-casting on [225.0.0.222:54997]...

Player connection [5380] Host "[IP] 192.168.5.54 [Port] 0 [Flags] 2 [Guid] 1487741781 [EditorId] 1487741781 [Version] 1048832 [Id] WindowsEditor(7,A-L-3-4-23) [Debug] 1 [PackageName] WindowsEditor [ProjectName] Editor" joined alternative multi-casting on [225.0.0.222:34997]...

Refreshing native plugins compatible for Editor in 5.21 ms, found 3 plugins.
Preloading 0 native plugins for Editor in 0.00 ms.
Initialize engine version: 2022.3.6f1 (b9e6e7e9fa2d)
[Subsystems] Discovering subsystems at path C:/Program Files/Unity/Hub/Editor/2022.3.6f1/Editor/Data/Resources/UnitySubsystems
[Subsystems] Discovering subsystems at path C:/acamlated/Unity/Defend/Defend/Assets
GfxDevice: creating device client; threaded=0; jobified=0
Direct3D:
    Version:  Direct3D 11.0 [level 11.1]
    Renderer: NVIDIA GeForce RTX 4060 Laptop GPU (ID=0x28e0)
    Vendor:   NVIDIA
    VRAM:     7957 MB
    Driver:   31.0.15.5123
Initialize mono
Mono path[0] = 'C:/Program Files/Unity/Hub/Editor/2022.3.6f1/Editor/Data/Managed'
Mono path[1] = 'C:/Program Files/Unity/Hub/Editor/2022.3.6f1/Editor/Data/MonoBleedingEdge/lib/mono/unityjit-win32'
Mono config path = 'C:/Program Files/Unity/Hub/Editor/2022.3.6f1/Editor/Data/MonoBleedingEdge/etc'
Using monoOptions --debugger-agent=transport=dt_socket,embedding=1,server=y,suspend=n,address=127.0.0.1:56868
Begin MonoManager ReloadAssembly
Registering precompiled unity dll's ...
Register platform support module: C:/Program Files/Unity/Hub/Editor/2022.3.6f1/Editor/Data/PlaybackEngines/AndroidPlayer/UnityEditor.Android.Extensions.dll
Register platform support module: C:/Program Files/Unity/Hub/Editor/2022.3.6f1/Editor/Data/PlaybackEngines/WindowsStandaloneSupport/UnityEditor.WindowsStandalone.Extensions.dll
Registered in 0.007561 seconds.
- Loaded All Assemblies, in  0.373 seconds
Native extension for WindowsStandalone target not found
Native extension for Android target not found
Android Extension - Scanning For ADB Devices 217 ms
Mono: successfully reloaded assembly
- Finished resetting the current domain, in  0.511 seconds
Domain Reload Profiling: 883ms
	BeginReloadAssembly (112ms)
		ExecutionOrderSort (0ms)
		DisableScriptedObjects (0ms)
		BackupInstance (0ms)
		ReleaseScriptingObjects (0ms)
		CreateAndSetChildDomain (1ms)
	RebuildCommonClasses (42ms)
	RebuildNativeTypeToScriptingClass (8ms)
	initialDomainReloadingComplete (48ms)
	LoadAllAssembliesAndSetupDomain (161ms)
		LoadAssemblies (111ms)
		RebuildTransferFunctionScriptingTraits (0ms)
		AnalyzeDomain (154ms)
			TypeCache.Refresh (154ms)
				TypeCache.ScanAssembly (142ms)
			ScanForSourceGeneratedMonoScriptInfo (0ms)
			ResolveRequiredComponents (0ms)
	FinalizeReload (511ms)
		ReleaseScriptCaches (0ms)
		RebuildScriptCaches (0ms)
		SetupLoadedEditorAssemblies (460ms)
			LogAssemblyErrors (0ms)
			InitializePlatformSupportModulesInManaged (334ms)
			SetLoadedEditorAssemblies (3ms)
			RefreshPlugins (0ms)
			BeforeProcessingInitializeOnLoad (2ms)
			ProcessInitializeOnLoadAttributes (77ms)
			ProcessInitializeOnLoadMethodAttributes (43ms)
			AfterProcessingInitializeOnLoad (0ms)
			EditorAssembliesLoaded (0ms)
		ExecutionOrderSort2 (0ms)
		AwakeInstancesAfterBackupRestoration (0ms)
========================================================================
Worker process is ready to serve import requests
Begin MonoManager ReloadAssembly
Symbol file LoadedFromMemory doesn't match image C:\acamlated\Unity\Defend\Defend\Library\PackageCache\com.unity.visualscripting@1.8.0\Editor\VisualScripting.Core\Dependencies\YamlDotNet\Unity.VisualScripting.YamlDotNet.dll
Symbol file LoadedFromMemory doesn't match image C:\acamlated\Unity\Defend\Defend\Library\PackageCache\com.unity.visualscripting@1.8.0\Editor\VisualScripting.Core\Dependencies\DotNetZip\Unity.VisualScripting.IonicZip.dll
- Loaded All Assemblies, in  0.713 seconds
Refreshing native plugins compatible for Editor in 2.46 ms, found 3 plugins.
Native extension for WindowsStandalone target not found
Native extension for Android target not found
Package Manager log level set to [2]
[Package Manager] Server::EnsureServerProcessIsRunning -- launch failed, reason: Unity was launched with the -noUpm command-line argument
[Package Manager] UpmClient::Send -- Unable to send message (not connected to UPM process).
[Package Manager] Cannot connect to Unity Package Manager local server
Mono: successfully reloaded assembly
- Finished resetting the current domain, in  0.495 seconds
Domain Reload Profiling: 1206ms
	BeginReloadAssembly (108ms)
		ExecutionOrderSort (0ms)
		DisableScriptedObjects (4ms)
		BackupInstance (0ms)
		ReleaseScriptingObjects (0ms)
		CreateAndSetChildDomain (17ms)
	RebuildCommonClasses (24ms)
	RebuildNativeTypeToScriptingClass (8ms)
	initialDomainReloadingComplete (34ms)
	LoadAllAssembliesAndSetupDomain (538ms)
		LoadAssemblies (219ms)
		RebuildTransferFunctionScriptingTraits (0ms)
		AnalyzeDomain (368ms)
			TypeCache.Refresh (346ms)
				TypeCache.ScanAssembly (330ms)
			ScanForSourceGeneratedMonoScriptInfo (18ms)
			ResolveRequiredComponents (4ms)
	FinalizeReload (495ms)
		ReleaseScriptCaches (0ms)
		RebuildScriptCaches (0ms)
		SetupLoadedEditorAssemblies (338ms)
			LogAssemblyErrors (0ms)
			InitializePlatformSupportModulesInManaged (21ms)
			SetLoadedEditorAssemblies (3ms)
			RefreshPlugins (0ms)
			BeforeProcessingInitializeOnLoad (50ms)
			ProcessInitializeOnLoadAttributes (245ms)
			ProcessInitializeOnLoadMethodAttributes (14ms)
			AfterProcessingInitializeOnLoad (5ms)
			EditorAssembliesLoaded (0ms)
		ExecutionOrderSort2 (0ms)
		AwakeInstancesAfterBackupRestoration (5ms)
Launched and connected shader compiler UnityShaderCompiler.exe after 0.05 seconds
Refreshing native plugins compatible for Editor in 2.30 ms, found 3 plugins.
Preloading 0 native plugins for Editor in 0.00 ms.
Unloading 3279 Unused Serialized files (Serialized files now loaded: 0)
Unloading 44 unused Assets / (129.7 KB). Loaded Objects now: 3743.
Memory consumption went from 127.4 MB to 127.2 MB.
Total: 3.193100 ms (FindLiveObjects: 0.189400 ms CreateObjectMapping: 0.068800 ms MarkObjects: 2.842400 ms  DeleteObjects: 0.091300 ms)

AssetImportParameters requested are different than current active one (requested -> active):
  custom:container-demuxer-ogg: 62fdf1f143b41e24485cea50d1cbac27 -> 
  custom:video-codec-MediaFoundation-h265: 746d11721c4dcdbdad8f713fa42b33f4 -> 
  custom:video-decoder-ogg-theora: a1e56fd34408186e4bbccfd4996cb3dc -> 
  custom:framework-win-MediaFoundation: 216162199b28c13a410421893ffa2e32 -> 
  custom:CustomObjectIndexerAttribute: 756ad292c208cfabdd7b50bc23989ffe -> 
  custom:container-demuxer-webm: 4f35f7cbe854078d1ac9338744f61a02 -> 
  custom:container-muxer-webm: aa71ff27fc2769a1b78a27578f13a17b -> 
  custom:video-decoder-webm-vp8: 9c59270c3fd7afecdb556c50c9e8de78 -> 
  custom:SearchIndexIgnoredProperties: e643bd26f0fe6173181afceb89e7c659 -> 
  custom:AudioImporter_EditorPlatform: d09bf68614088b80899f8185d706f6e7 -> 
  custom:video-encoder-webm-vp8: eb34c28f22e8b96e1ab97ce403110664 -> 
  custom:audio-decoder-ogg-vorbis: bf7c407c2cedff20999df2af8eb42d56 -> 
  custom:audio-encoder-webm-vorbis: bf7c407c2cedff20999df2af8eb42d56 -> 
========================================================================
Received Import Request.
  Time since last request: 220.902040 seconds.
  path: Assets/Prefabs/Ground Block 1.prefab
  artifactKey: Guid(7a7f73a720ef8a7438a99eda1fe9a0aa) Importer(815301076,1909f56bfc062723c751e8b465ee728b)
Start importing Assets/Prefabs/Ground Block 1.prefab using Guid(7a7f73a720ef8a7438a99eda1fe9a0aa) Importer(815301076,1909f56bfc062723c751e8b465ee728b)  -> (artifact id: '4fd5b2d88cfc6cdfdf8b6414ac420072') in 0.074432 seconds
Number of updated asset objects reloaded before import = 0
Number of asset objects unloaded after import = 7
========================================================================
Received Import Request.
  Time since last request: 1.181404 seconds.
  path: Assets/Prefabs/Walkable Block.prefab
  artifactKey: Guid(7a7f73a720ef8a7438a99eda1fe9a0aa) Importer(815301076,1909f56bfc062723c751e8b465ee728b)
Start importing Assets/Prefabs/Walkable Block.prefab using Guid(7a7f73a720ef8a7438a99eda1fe9a0aa) Importer(815301076,1909f56bfc062723c751e8b465ee728b)  -> (artifact id: 'dd99e005c163519d2237dd4715f5ce0a') in 0.006411 seconds
Number of updated asset objects reloaded before import = 0
Number of asset objects unloaded after import = 7
========================================================================
Received Import Request.
  Time since last request: 3.962858 seconds.
  path: Assets/Materials/Enemy Material.mat
  artifactKey: Guid(dad86901096fb36478337176385d024a) Importer(815301076,1909f56bfc062723c751e8b465ee728b)
Start importing Assets/Materials/Enemy Material.mat using Guid(dad86901096fb36478337176385d024a) Importer(815301076,1909f56bfc062723c751e8b465ee728b)  -> (artifact id: '7a89bbfbfe6a636d2a54c34114ae0786') in 0.030514 seconds
Number of updated asset objects reloaded before import = 0
Number of asset objects unloaded after import = 1
========================================================================
Received Import Request.
  Time since last request: 10.639517 seconds.
  path: Assets/Materials/Walkable Block.mat
  artifactKey: Guid(354c92f6513469c4eb37a82bedfdbcab) Importer(815301076,1909f56bfc062723c751e8b465ee728b)
Start importing Assets/Materials/Walkable Block.mat using Guid(354c92f6513469c4eb37a82bedfdbcab) Importer(815301076,1909f56bfc062723c751e8b465ee728b)  -> (artifact id: 'e2f70f233a5b0860c4fd22a74e8ba12e') in 0.019772 seconds
Number of updated asset objects reloaded before import = 0
Number of asset objects unloaded after import = 1
========================================================================
Received Import Request.
  Time since last request: 1.807913 seconds.
  path: Assets/Prefabs/Walkable Block.prefab
  artifactKey: Guid(7a7f73a720ef8a7438a99eda1fe9a0aa) Importer(815301076,1909f56bfc062723c751e8b465ee728b)
Start importing Assets/Prefabs/Walkable Block.prefab using Guid(7a7f73a720ef8a7438a99eda1fe9a0aa) Importer(815301076,1909f56bfc062723c751e8b465ee728b)  -> (artifact id: '78f4cb46d361cbea1dc92bc7b3dfe14c') in 0.007169 seconds
Number of updated asset objects reloaded before import = 0
Number of asset objects unloaded after import = 7
========================================================================
Received Import Request.
  Time since last request: 0.010163 seconds.
  path: Assets/Prefabs/Base Ground Set.prefab
  artifactKey: Guid(b611d16f6c805b742bf546e7a832177a) Importer(815301076,1909f56bfc062723c751e8b465ee728b)
Start importing Assets/Prefabs/Base Ground Set.prefab using Guid(b611d16f6c805b742bf546e7a832177a) Importer(815301076,1909f56bfc062723c751e8b465ee728b)  -> (artifact id: '3363f6d155762d067b4102fe9d78b7d6') in 0.018206 seconds
Number of updated asset objects reloaded before import = 0
Number of asset objects unloaded after import = 257
========================================================================
Received Import Request.
  Time since last request: 14.147770 seconds.
  path: Assets/Materials/Ground Block Material.mat
  artifactKey: Guid(354c92f6513469c4eb37a82bedfdbcab) Importer(815301076,1909f56bfc062723c751e8b465ee728b)
Start importing Assets/Materials/Ground Block Material.mat using Guid(354c92f6513469c4eb37a82bedfdbcab) Importer(815301076,1909f56bfc062723c751e8b465ee728b)  -> (artifact id: '5a286ffbff0f8860e6ca4c23cfddb883') in 0.015410 seconds
Number of updated asset objects reloaded before import = 0
Number of asset objects unloaded after import = 1
========================================================================
Received Import Request.
  Time since last request: 2.324492 seconds.
  path: Assets/Materials/Ground Block Material 1.mat
  artifactKey: Guid(2f559450da1a81941a79f7756e7efeb4) Importer(815301076,1909f56bfc062723c751e8b465ee728b)
Start importing Assets/Materials/Ground Block Material 1.mat using Guid(2f559450da1a81941a79f7756e7efeb4) Importer(815301076,1909f56bfc062723c751e8b465ee728b)  -> (artifact id: 'ac75780a66781aab2226653833817691') in 0.017026 seconds
Number of updated asset objects reloaded before import = 0
Number of asset objects unloaded after import = 1
========================================================================
Received Import Request.
  Time since last request: 8.415965 seconds.
  path: Assets/Materials/Walkable Block Material.mat
  artifactKey: Guid(2f559450da1a81941a79f7756e7efeb4) Importer(815301076,1909f56bfc062723c751e8b465ee728b)
Start importing Assets/Materials/Walkable Block Material.mat using Guid(2f559450da1a81941a79f7756e7efeb4) Importer(815301076,1909f56bfc062723c751e8b465ee728b)  -> (artifact id: '608d8bb39646c94079500c8ac8690b34') in 0.014074 seconds
Number of updated asset objects reloaded before import = 0
Number of asset objects unloaded after import = 1
========================================================================
Received Import Request.
  Time since last request: 14.795709 seconds.
  path: Assets/Prefabs/Base Ground Set.prefab
  artifactKey: Guid(b611d16f6c805b742bf546e7a832177a) Importer(815301076,1909f56bfc062723c751e8b465ee728b)
Start importing Assets/Prefabs/Base Ground Set.prefab using Guid(b611d16f6c805b742bf546e7a832177a) Importer(815301076,1909f56bfc062723c751e8b465ee728b)  -> (artifact id: '4606886900ed0a57952cc8e498ac0c5d') in 0.009111 seconds
Number of updated asset objects reloaded before import = 0
Number of asset objects unloaded after import = 257
========================================================================
Received Import Request.
  Time since last request: 2.216895 seconds.
  path: Assets/Prefabs/Walkable Block.prefab
  artifactKey: Guid(7a7f73a720ef8a7438a99eda1fe9a0aa) Importer(815301076,1909f56bfc062723c751e8b465ee728b)
Start importing Assets/Prefabs/Walkable Block.prefab using Guid(7a7f73a720ef8a7438a99eda1fe9a0aa) Importer(815301076,1909f56bfc062723c751e8b465ee728b)  -> (artifact id: '66577575cd221fbe7ac1e6dce3258ba0') in 0.017185 seconds
Number of updated asset objects reloaded before import = 0
Number of asset objects unloaded after import = 7
========================================================================
Received Import Request.
  Time since last request: 37.057933 seconds.
  path: Assets/Prefabs/Base Ground Set Variant.prefab
  artifactKey: Guid(0c4a0f67f0748e944b7319146b60650b) Importer(815301076,1909f56bfc062723c751e8b465ee728b)
Start importing Assets/Prefabs/Base Ground Set Variant.prefab using Guid(0c4a0f67f0748e944b7319146b60650b) Importer(815301076,1909f56bfc062723c751e8b465ee728b)  -> (artifact id: '486188c7173ae2b5e45cfa952ca9c78c') in 0.019972 seconds
Number of updated asset objects reloaded before import = 0
Number of asset objects unloaded after import = 460
========================================================================
Received Import Request.
  Time since last request: 22.804459 seconds.
  path: Assets/Prefabs/Walkable Ground Set.prefab
  artifactKey: Guid(0c4a0f67f0748e944b7319146b60650b) Importer(815301076,1909f56bfc062723c751e8b465ee728b)
Start importing Assets/Prefabs/Walkable Ground Set.prefab using Guid(0c4a0f67f0748e944b7319146b60650b) Importer(815301076,1909f56bfc062723c751e8b465ee728b)  -> (artifact id: '2bddd2389fb5a4111be36f436111ac34') in 0.022457 seconds
Number of updated asset objects reloaded before import = 0
Number of asset objects unloaded after import = 460
========================================================================
Received Import Request.
  Time since last request: 20.944188 seconds.
  path: Assets/Prefabs/Base Ground Set.prefab
  artifactKey: Guid(b611d16f6c805b742bf546e7a832177a) Importer(815301076,1909f56bfc062723c751e8b465ee728b)
Start importing Assets/Prefabs/Base Ground Set.prefab using Guid(b611d16f6c805b742bf546e7a832177a) Importer(815301076,1909f56bfc062723c751e8b465ee728b)  -> (artifact id: '5d433b9eb8483af9f51a82cb1af13da9') in 0.014553 seconds
Number of updated asset objects reloaded before import = 0
Number of asset objects unloaded after import = 252
========================================================================
Received Import Request.
  Time since last request: 1.577120 seconds.
  path: Assets/Prefabs/Base Ground Set.prefab
  artifactKey: Guid(b611d16f6c805b742bf546e7a832177a) Importer(815301076,1909f56bfc062723c751e8b465ee728b)
Start importing Assets/Prefabs/Base Ground Set.prefab using Guid(b611d16f6c805b742bf546e7a832177a) Importer(815301076,1909f56bfc062723c751e8b465ee728b)  -> (artifact id: 'e7785e75e4ac11e73e0181afcea125b4') in 0.017221 seconds
Number of updated asset objects reloaded before import = 0
Number of asset objects unloaded after import = 247
========================================================================
Received Import Request.
  Time since last request: 0.782440 seconds.
  path: Assets/Prefabs/Base Ground Set.prefab
  artifactKey: Guid(b611d16f6c805b742bf546e7a832177a) Importer(815301076,1909f56bfc062723c751e8b465ee728b)
Start importing Assets/Prefabs/Base Ground Set.prefab using Guid(b611d16f6c805b742bf546e7a832177a) Importer(815301076,1909f56bfc062723c751e8b465ee728b)  -> (artifact id: '968f0b172861905bb39bb563782c847a') in 0.016772 seconds
Number of updated asset objects reloaded before import = 0
Number of asset objects unloaded after import = 242
========================================================================
Received Import Request.
  Time since last request: 0.382890 seconds.
  path: Assets/Prefabs/Base Ground Set.prefab
  artifactKey: Guid(b611d16f6c805b742bf546e7a832177a) Importer(815301076,1909f56bfc062723c751e8b465ee728b)
Start importing Assets/Prefabs/Base Ground Set.prefab using Guid(b611d16f6c805b742bf546e7a832177a) Importer(815301076,1909f56bfc062723c751e8b465ee728b)  -> (artifact id: 'a262047bde21931beb082210956558f9') in 0.018288 seconds
Number of updated asset objects reloaded before import = 0
Number of asset objects unloaded after import = 237
========================================================================
Received Import Request.
  Time since last request: 0.395610 seconds.
  path: Assets/Prefabs/Base Ground Set.prefab
  artifactKey: Guid(b611d16f6c805b742bf546e7a832177a) Importer(815301076,1909f56bfc062723c751e8b465ee728b)
Start importing Assets/Prefabs/Base Ground Set.prefab using Guid(b611d16f6c805b742bf546e7a832177a) Importer(815301076,1909f56bfc062723c751e8b465ee728b)  -> (artifact id: '8dce96420f9f11e89cadffa83ab71d2b') in 0.017313 seconds
Number of updated asset objects reloaded before import = 0
Number of asset objects unloaded after import = 232
========================================================================
Received Import Request.
  Time since last request: 0.580323 seconds.
  path: Assets/Prefabs/Base Ground Set.prefab
  artifactKey: Guid(b611d16f6c805b742bf546e7a832177a) Importer(815301076,1909f56bfc062723c751e8b465ee728b)
Start importing Assets/Prefabs/Base Ground Set.prefab using Guid(b611d16f6c805b742bf546e7a832177a) Importer(815301076,1909f56bfc062723c751e8b465ee728b)  -> (artifact id: '1d2041b1dcf79f895349617a5d775a58') in 0.018830 seconds
Number of updated asset objects reloaded before import = 0
Number of asset objects unloaded after import = 227
========================================================================
Received Import Request.
  Time since last request: 0.585086 seconds.
  path: Assets/Prefabs/Base Ground Set.prefab
  artifactKey: Guid(b611d16f6c805b742bf546e7a832177a) Importer(815301076,1909f56bfc062723c751e8b465ee728b)
Start importing Assets/Prefabs/Base Ground Set.prefab using Guid(b611d16f6c805b742bf546e7a832177a) Importer(815301076,1909f56bfc062723c751e8b465ee728b)  -> (artifact id: 'c071a3f97e4867ec1b206ad8515756ad') in 0.016942 seconds
Number of updated asset objects reloaded before import = 0
Number of asset objects unloaded after import = 222
========================================================================
Received Import Request.
  Time since last request: 10.870062 seconds.
  path: Assets/Prefabs/Base Ground Set.prefab
  artifactKey: Guid(b611d16f6c805b742bf546e7a832177a) Importer(815301076,1909f56bfc062723c751e8b465ee728b)
Start importing Assets/Prefabs/Base Ground Set.prefab using Guid(b611d16f6c805b742bf546e7a832177a) Importer(815301076,1909f56bfc062723c751e8b465ee728b)  -> (artifact id: 'b9f02e9b1be74b559a93ef22abab4205') in 0.016092 seconds
Number of updated asset objects reloaded before import = 0
Number of asset objects unloaded after import = 252
========================================================================
Received Import Request.
  Time since last request: 0.591768 seconds.
  path: Assets/Prefabs/Base Ground Set.prefab
  artifactKey: Guid(b611d16f6c805b742bf546e7a832177a) Importer(815301076,1909f56bfc062723c751e8b465ee728b)
Start importing Assets/Prefabs/Base Ground Set.prefab using Guid(b611d16f6c805b742bf546e7a832177a) Importer(815301076,1909f56bfc062723c751e8b465ee728b)  -> (artifact id: '59ddf9be0681fe0ab7c423f5ecc71867') in 0.015997 seconds
Number of updated asset objects reloaded before import = 0
Number of asset objects unloaded after import = 247
========================================================================
Received Import Request.
  Time since last request: 0.403090 seconds.
  path: Assets/Prefabs/Base Ground Set.prefab
  artifactKey: Guid(b611d16f6c805b742bf546e7a832177a) Importer(815301076,1909f56bfc062723c751e8b465ee728b)
Start importing Assets/Prefabs/Base Ground Set.prefab using Guid(b611d16f6c805b742bf546e7a832177a) Importer(815301076,1909f56bfc062723c751e8b465ee728b)  -> (artifact id: '4812f3d6308fe71ac22734528cf66f84') in 0.015114 seconds
Number of updated asset objects reloaded before import = 0
Number of asset objects unloaded after import = 242
========================================================================
Received Import Request.
  Time since last request: 0.365807 seconds.
  path: Assets/Prefabs/Base Ground Set.prefab
  artifactKey: Guid(b611d16f6c805b742bf546e7a832177a) Importer(815301076,1909f56bfc062723c751e8b465ee728b)
Start importing Assets/Prefabs/Base Ground Set.prefab using Guid(b611d16f6c805b742bf546e7a832177a) Importer(815301076,1909f56bfc062723c751e8b465ee728b)  -> (artifact id: '316cd60606e81819dfe4799896240b63') in 0.015674 seconds
Number of updated asset objects reloaded before import = 0
Number of asset objects unloaded after import = 237
========================================================================
Received Import Request.
  Time since last request: 0.388191 seconds.
  path: Assets/Prefabs/Base Ground Set.prefab
  artifactKey: Guid(b611d16f6c805b742bf546e7a832177a) Importer(815301076,1909f56bfc062723c751e8b465ee728b)
Start importing Assets/Prefabs/Base Ground Set.prefab using Guid(b611d16f6c805b742bf546e7a832177a) Importer(815301076,1909f56bfc062723c751e8b465ee728b)  -> (artifact id: '6d7bf895483988723cc3e5a835a81f8e') in 0.016624 seconds
Number of updated asset objects reloaded before import = 0
Number of asset objects unloaded after import = 232
========================================================================
Received Import Request.
  Time since last request: 6.615565 seconds.
  path: Assets/Prefabs/Base Ground Set.prefab
  artifactKey: Guid(b611d16f6c805b742bf546e7a832177a) Importer(815301076,1909f56bfc062723c751e8b465ee728b)
Start importing Assets/Prefabs/Base Ground Set.prefab using Guid(b611d16f6c805b742bf546e7a832177a) Importer(815301076,1909f56bfc062723c751e8b465ee728b)  -> (artifact id: 'd00d36546c9e593a33b1157c3bd578aa') in 0.015354 seconds
Number of updated asset objects reloaded before import = 0
Number of asset objects unloaded after import = 248
========================================================================
Received Import Request.
  Time since last request: 1.410129 seconds.
  path: Assets/Prefabs/Base Ground Set.prefab
  artifactKey: Guid(b611d16f6c805b742bf546e7a832177a) Importer(815301076,1909f56bfc062723c751e8b465ee728b)
Start importing Assets/Prefabs/Base Ground Set.prefab using Guid(b611d16f6c805b742bf546e7a832177a) Importer(815301076,1909f56bfc062723c751e8b465ee728b)  -> (artifact id: '61b4f8b78b14502dee6fb7dc8ea930f0') in 0.016508 seconds
Number of updated asset objects reloaded before import = 0
Number of asset objects unloaded after import = 248
========================================================================
Received Import Request.
  Time since last request: 2.589198 seconds.
  path: Assets/Prefabs/Base Ground Set.prefab
  artifactKey: Guid(b611d16f6c805b742bf546e7a832177a) Importer(815301076,1909f56bfc062723c751e8b465ee728b)
Start importing Assets/Prefabs/Base Ground Set.prefab using Guid(b611d16f6c805b742bf546e7a832177a) Importer(815301076,1909f56bfc062723c751e8b465ee728b)  -> (artifact id: 'ade1ff2c5f3ddfe463c611f9555dd9b9') in 0.014922 seconds
Number of updated asset objects reloaded before import = 0
Number of asset objects unloaded after import = 248
========================================================================
Received Import Request.
  Time since last request: 1.206631 seconds.
  path: Assets/Prefabs/Base Ground Set.prefab
  artifactKey: Guid(b611d16f6c805b742bf546e7a832177a) Importer(815301076,1909f56bfc062723c751e8b465ee728b)
Start importing Assets/Prefabs/Base Ground Set.prefab using Guid(b611d16f6c805b742bf546e7a832177a) Importer(815301076,1909f56bfc062723c751e8b465ee728b)  -> (artifact id: '4ed957b07c304644fb81145060da21d0') in 0.015609 seconds
Number of updated asset objects reloaded before import = 0
Number of asset objects unloaded after import = 253
========================================================================
Received Import Request.
  Time since last request: 1.402868 seconds.
  path: Assets/Prefabs/Base Ground Set.prefab
  artifactKey: Guid(b611d16f6c805b742bf546e7a832177a) Importer(815301076,1909f56bfc062723c751e8b465ee728b)
Start importing Assets/Prefabs/Base Ground Set.prefab using Guid(b611d16f6c805b742bf546e7a832177a) Importer(815301076,1909f56bfc062723c751e8b465ee728b)  -> (artifact id: 'a81733561ae1a4c7b43270243c8dbe96') in 0.020414 seconds
Number of updated asset objects reloaded before import = 0
Number of asset objects unloaded after import = 253
========================================================================
Received Import Request.
  Time since last request: 1.379342 seconds.
  path: Assets/Prefabs/Base Ground Set.prefab
  artifactKey: Guid(b611d16f6c805b742bf546e7a832177a) Importer(815301076,1909f56bfc062723c751e8b465ee728b)
Start importing Assets/Prefabs/Base Ground Set.prefab using Guid(b611d16f6c805b742bf546e7a832177a) Importer(815301076,1909f56bfc062723c751e8b465ee728b)  -> (artifact id: '3dcf0088f3a0fa805cd5e49ad77ee77c') in 0.017953 seconds
Number of updated asset objects reloaded before import = 0
Number of asset objects unloaded after import = 258
========================================================================
Received Import Request.
  Time since last request: 1.594159 seconds.
  path: Assets/Prefabs/Base Ground Set.prefab
  artifactKey: Guid(b611d16f6c805b742bf546e7a832177a) Importer(815301076,1909f56bfc062723c751e8b465ee728b)
Start importing Assets/Prefabs/Base Ground Set.prefab using Guid(b611d16f6c805b742bf546e7a832177a) Importer(815301076,1909f56bfc062723c751e8b465ee728b)  -> (artifact id: 'e47371f326ebfab914855d6169b0bec7') in 0.016359 seconds
Number of updated asset objects reloaded before import = 0
Number of asset objects unloaded after import = 258
========================================================================
Received Import Request.
  Time since last request: 0.788798 seconds.
  path: Assets/Prefabs/Base Ground Set.prefab
  artifactKey: Guid(b611d16f6c805b742bf546e7a832177a) Importer(815301076,1909f56bfc062723c751e8b465ee728b)
Start importing Assets/Prefabs/Base Ground Set.prefab using Guid(b611d16f6c805b742bf546e7a832177a) Importer(815301076,1909f56bfc062723c751e8b465ee728b)  -> (artifact id: 'd71c79f252671619fb6aebbd3bbbf982') in 0.016074 seconds
Number of updated asset objects reloaded before import = 0
Number of asset objects unloaded after import = 263
========================================================================
Received Import Request.
  Time since last request: 1.399639 seconds.
  path: Assets/Prefabs/Base Ground Set.prefab
  artifactKey: Guid(b611d16f6c805b742bf546e7a832177a) Importer(815301076,1909f56bfc062723c751e8b465ee728b)
Start importing Assets/Prefabs/Base Ground Set.prefab using Guid(b611d16f6c805b742bf546e7a832177a) Importer(815301076,1909f56bfc062723c751e8b465ee728b)  -> (artifact id: '5e82ffebc5d478f4538a0b4633b7770b') in 0.018184 seconds
Number of updated asset objects reloaded before import = 0
Number of asset objects unloaded after import = 263
========================================================================
Received Import Request.
  Time since last request: 9.071067 seconds.
  path: ProjectSettings/TagManager.asset
  artifactKey: Guid(00000000000000003000000000000000) Importer(815301076,1909f56bfc062723c751e8b465ee728b)
Start importing ProjectSettings/TagManager.asset using Guid(00000000000000003000000000000000) Importer(815301076,1909f56bfc062723c751e8b465ee728b)  -> (artifact id: '6b9326e97e2461385864aa44f9e28ada') in 0.000619 seconds
Number of updated asset objects reloaded before import = 0
Number of asset objects unloaded after import = 0
========================================================================
Received Import Request.
  Time since last request: 154.195004 seconds.
  path: Assets/Prefabs/Base Ground Set.prefab
  artifactKey: Guid(b611d16f6c805b742bf546e7a832177a) Importer(815301076,1909f56bfc062723c751e8b465ee728b)
Start importing Assets/Prefabs/Base Ground Set.prefab using Guid(b611d16f6c805b742bf546e7a832177a) Importer(815301076,1909f56bfc062723c751e8b465ee728b)  -> (artifact id: 'ced2008e7d0214c837c7e20cabe61775') in 0.012603 seconds
Number of updated asset objects reloaded before import = 0
Number of asset objects unloaded after import = 263
========================================================================
Received Import Request.
  Time since last request: 6.272022 seconds.
  path: Assets/Prefabs/Base Ground Set.prefab
  artifactKey: Guid(b611d16f6c805b742bf546e7a832177a) Importer(815301076,1909f56bfc062723c751e8b465ee728b)
Start importing Assets/Prefabs/Base Ground Set.prefab using Guid(b611d16f6c805b742bf546e7a832177a) Importer(815301076,1909f56bfc062723c751e8b465ee728b)  -> (artifact id: '25298d8b15cd7f6480f093a9964513c5') in 0.009676 seconds
Number of updated asset objects reloaded before import = 0
Number of asset objects unloaded after import = 263
========================================================================
Received Import Request.
  Time since last request: 4.445811 seconds.
  path: Assets/Prefabs/Base Ground Set.prefab
  artifactKey: Guid(b611d16f6c805b742bf546e7a832177a) Importer(815301076,1909f56bfc062723c751e8b465ee728b)
Start importing Assets/Prefabs/Base Ground Set.prefab using Guid(b611d16f6c805b742bf546e7a832177a) Importer(815301076,1909f56bfc062723c751e8b465ee728b)  -> (artifact id: '36d5a68a5cf8ad1f22abbe04012aee21') in 0.016338 seconds
Number of updated asset objects reloaded before import = 0
Number of asset objects unloaded after import = 263
========================================================================
Received Import Request.
  Time since last request: 8.850738 seconds.
  path: Assets/Prefabs/Base Ground Set.prefab
  artifactKey: Guid(b611d16f6c805b742bf546e7a832177a) Importer(815301076,1909f56bfc062723c751e8b465ee728b)
Start importing Assets/Prefabs/Base Ground Set.prefab using Guid(b611d16f6c805b742bf546e7a832177a) Importer(815301076,1909f56bfc062723c751e8b465ee728b)  -> (artifact id: 'aff2d1f5c2d210749849db258fcfda61') in 0.015909 seconds
Number of updated asset objects reloaded before import = 0
Number of asset objects unloaded after import = 138
========================================================================
Received Import Request.
  Time since last request: 3.987249 seconds.
  path: Assets/Prefabs/Base Ground Set.prefab
  artifactKey: Guid(b611d16f6c805b742bf546e7a832177a) Importer(815301076,1909f56bfc062723c751e8b465ee728b)
Start importing Assets/Prefabs/Base Ground Set.prefab using Guid(b611d16f6c805b742bf546e7a832177a) Importer(815301076,1909f56bfc062723c751e8b465ee728b)  -> (artifact id: '11d345f244f2edbcfd6fffa89c975cbc') in 0.001627 seconds
Number of updated asset objects reloaded before import = 0
Number of asset objects unloaded after import = 6
========================================================================
Received Import Request.
  Time since last request: 14.293532 seconds.
  path: Assets/Prefabs/Base Ground Set.prefab
  artifactKey: Guid(b611d16f6c805b742bf546e7a832177a) Importer(815301076,1909f56bfc062723c751e8b465ee728b)
Start importing Assets/Prefabs/Base Ground Set.prefab using Guid(b611d16f6c805b742bf546e7a832177a) Importer(815301076,1909f56bfc062723c751e8b465ee728b)  -> (artifact id: 'ad61098d91aa69bbb66be34912497ea3') in 0.020715 seconds
Number of updated asset objects reloaded before import = 0
Number of asset objects unloaded after import = 17
========================================================================
Received Import Request.
  Time since last request: 2.006782 seconds.
  path: Assets/Prefabs/Base Ground Set.prefab
  artifactKey: Guid(b611d16f6c805b742bf546e7a832177a) Importer(815301076,1909f56bfc062723c751e8b465ee728b)
Start importing Assets/Prefabs/Base Ground Set.prefab using Guid(b611d16f6c805b742bf546e7a832177a) Importer(815301076,1909f56bfc062723c751e8b465ee728b)  -> (artifact id: '035bcc1aecdb003e94b18d972d6eee42') in 0.015123 seconds
Number of updated asset objects reloaded before import = 0
Number of asset objects unloaded after import = 17
========================================================================
Received Import Request.
  Time since last request: 10.654318 seconds.
  path: Assets/Prefabs/Base Ground Set.prefab
  artifactKey: Guid(b611d16f6c805b742bf546e7a832177a) Importer(815301076,1909f56bfc062723c751e8b465ee728b)
Start importing Assets/Prefabs/Base Ground Set.prefab using Guid(b611d16f6c805b742bf546e7a832177a) Importer(815301076,1909f56bfc062723c751e8b465ee728b)  -> (artifact id: 'b85cb59f18b0740486d4d094a28d45db') in 0.015548 seconds
Number of updated asset objects reloaded before import = 0
Number of asset objects unloaded after import = 22
========================================================================
Received Import Request.
  Time since last request: 2.404711 seconds.
  path: Assets/Prefabs/Base Ground Set.prefab
  artifactKey: Guid(b611d16f6c805b742bf546e7a832177a) Importer(815301076,1909f56bfc062723c751e8b465ee728b)
Start importing Assets/Prefabs/Base Ground Set.prefab using Guid(b611d16f6c805b742bf546e7a832177a) Importer(815301076,1909f56bfc062723c751e8b465ee728b)  -> (artifact id: '116b2a5e01f4008029766d45985c7457') in 0.013726 seconds
Number of updated asset objects reloaded before import = 0
Number of asset objects unloaded after import = 22
========================================================================
Received Import Request.
  Time since last request: 0.587920 seconds.
  path: Assets/Prefabs/Base Ground Set.prefab
  artifactKey: Guid(b611d16f6c805b742bf546e7a832177a) Importer(815301076,1909f56bfc062723c751e8b465ee728b)
Start importing Assets/Prefabs/Base Ground Set.prefab using Guid(b611d16f6c805b742bf546e7a832177a) Importer(815301076,1909f56bfc062723c751e8b465ee728b)  -> (artifact id: '30911289f083d1a54f183dd6e22e9276') in 0.021068 seconds
Number of updated asset objects reloaded before import = 0
Number of asset objects unloaded after import = 27
========================================================================
Received Import Request.
  Time since last request: 1.387872 seconds.
  path: Assets/Prefabs/Base Ground Set.prefab
  artifactKey: Guid(b611d16f6c805b742bf546e7a832177a) Importer(815301076,1909f56bfc062723c751e8b465ee728b)
Start importing Assets/Prefabs/Base Ground Set.prefab using Guid(b611d16f6c805b742bf546e7a832177a) Importer(815301076,1909f56bfc062723c751e8b465ee728b)  -> (artifact id: '04a22ecb56b0aac62ecee677677569cf') in 0.013840 seconds
Number of updated asset objects reloaded before import = 0
Number of asset objects unloaded after import = 27
========================================================================
Received Import Request.
  Time since last request: 0.402965 seconds.
  path: Assets/Prefabs/Base Ground Set.prefab
  artifactKey: Guid(b611d16f6c805b742bf546e7a832177a) Importer(815301076,1909f56bfc062723c751e8b465ee728b)
Start importing Assets/Prefabs/Base Ground Set.prefab using Guid(b611d16f6c805b742bf546e7a832177a) Importer(815301076,1909f56bfc062723c751e8b465ee728b)  -> (artifact id: '5dfc56cda7c310781b27bd2a16468367') in 0.013603 seconds
Number of updated asset objects reloaded before import = 0
Number of asset objects unloaded after import = 32
========================================================================
Received Import Request.
  Time since last request: 1.801361 seconds.
  path: Assets/Prefabs/Base Ground Set.prefab
  artifactKey: Guid(b611d16f6c805b742bf546e7a832177a) Importer(815301076,1909f56bfc062723c751e8b465ee728b)
Start importing Assets/Prefabs/Base Ground Set.prefab using Guid(b611d16f6c805b742bf546e7a832177a) Importer(815301076,1909f56bfc062723c751e8b465ee728b)  -> (artifact id: 'adb2e30ac831a0b574bf32f33b4de2df') in 0.015095 seconds
Number of updated asset objects reloaded before import = 0
Number of asset objects unloaded after import = 32
========================================================================
Received Import Request.
  Time since last request: 1.022153 seconds.
  path: Assets/Prefabs/Base Ground Set.prefab
  artifactKey: Guid(b611d16f6c805b742bf546e7a832177a) Importer(815301076,1909f56bfc062723c751e8b465ee728b)
Start importing Assets/Prefabs/Base Ground Set.prefab using Guid(b611d16f6c805b742bf546e7a832177a) Importer(815301076,1909f56bfc062723c751e8b465ee728b)  -> (artifact id: '864ac7493464373d1774d43186ea2df4') in 0.017587 seconds
Number of updated asset objects reloaded before import = 0
Number of asset objects unloaded after import = 37
========================================================================
Received Import Request.
  Time since last request: 3.010928 seconds.
  path: Assets/Prefabs/Base Ground Set.prefab
  artifactKey: Guid(b611d16f6c805b742bf546e7a832177a) Importer(815301076,1909f56bfc062723c751e8b465ee728b)
Start importing Assets/Prefabs/Base Ground Set.prefab using Guid(b611d16f6c805b742bf546e7a832177a) Importer(815301076,1909f56bfc062723c751e8b465ee728b)  -> (artifact id: 'fa5ab70b5d72f43664571b63a808d2c2') in 0.014377 seconds
Number of updated asset objects reloaded before import = 0
Number of asset objects unloaded after import = 37
========================================================================
Received Import Request.
  Time since last request: 0.593020 seconds.
  path: Assets/Prefabs/Base Ground Set.prefab
  artifactKey: Guid(b611d16f6c805b742bf546e7a832177a) Importer(815301076,1909f56bfc062723c751e8b465ee728b)
Start importing Assets/Prefabs/Base Ground Set.prefab using Guid(b611d16f6c805b742bf546e7a832177a) Importer(815301076,1909f56bfc062723c751e8b465ee728b)  -> (artifact id: 'b67aa56593e703feb2d9476269ebcd9c') in 0.005604 seconds
Number of updated asset objects reloaded before import = 0
Number of asset objects unloaded after import = 42
========================================================================
Received Import Request.
  Time since last request: 1.600663 seconds.
  path: Assets/Prefabs/Base Ground Set.prefab
  artifactKey: Guid(b611d16f6c805b742bf546e7a832177a) Importer(815301076,1909f56bfc062723c751e8b465ee728b)
Start importing Assets/Prefabs/Base Ground Set.prefab using Guid(b611d16f6c805b742bf546e7a832177a) Importer(815301076,1909f56bfc062723c751e8b465ee728b)  -> (artifact id: '8192529345a601774e17fade92fc9a49') in 0.015856 seconds
Number of updated asset objects reloaded before import = 0
Number of asset objects unloaded after import = 42
========================================================================
Received Import Request.
  Time since last request: 0.394590 seconds.
  path: Assets/Prefabs/Base Ground Set.prefab
  artifactKey: Guid(b611d16f6c805b742bf546e7a832177a) Importer(815301076,1909f56bfc062723c751e8b465ee728b)
Start importing Assets/Prefabs/Base Ground Set.prefab using Guid(b611d16f6c805b742bf546e7a832177a) Importer(815301076,1909f56bfc062723c751e8b465ee728b)  -> (artifact id: 'afbac9a88b47eb847ff15f995d23a2aa') in 0.006179 seconds
Number of updated asset objects reloaded before import = 0
Number of asset objects unloaded after import = 47
========================================================================
Received Import Request.
  Time since last request: 1.392953 seconds.
  path: Assets/Prefabs/Base Ground Set.prefab
  artifactKey: Guid(b611d16f6c805b742bf546e7a832177a) Importer(815301076,1909f56bfc062723c751e8b465ee728b)
Start importing Assets/Prefabs/Base Ground Set.prefab using Guid(b611d16f6c805b742bf546e7a832177a) Importer(815301076,1909f56bfc062723c751e8b465ee728b)  -> (artifact id: '7e53fb53cc4476df7c8b86147a4f8e89') in 0.014336 seconds
Number of updated asset objects reloaded before import = 0
Number of asset objects unloaded after import = 47
========================================================================
Received Import Request.
  Time since last request: 5.421854 seconds.
  path: Assets/Prefabs/Base Ground Set.prefab
  artifactKey: Guid(b611d16f6c805b742bf546e7a832177a) Importer(815301076,1909f56bfc062723c751e8b465ee728b)
Start importing Assets/Prefabs/Base Ground Set.prefab using Guid(b611d16f6c805b742bf546e7a832177a) Importer(815301076,1909f56bfc062723c751e8b465ee728b)  -> (artifact id: 'd4d759c95403e0225cd934d2712e170f') in 0.014833 seconds
Number of updated asset objects reloaded before import = 0
Number of asset objects unloaded after import = 82
========================================================================
Received Import Request.
  Time since last request: 2.803214 seconds.
  path: Assets/Prefabs/Base Ground Set.prefab
  artifactKey: Guid(b611d16f6c805b742bf546e7a832177a) Importer(815301076,1909f56bfc062723c751e8b465ee728b)
Start importing Assets/Prefabs/Base Ground Set.prefab using Guid(b611d16f6c805b742bf546e7a832177a) Importer(815301076,1909f56bfc062723c751e8b465ee728b)  -> (artifact id: '77831ec53e5012ca116dd31710c90486') in 0.017216 seconds
Number of updated asset objects reloaded before import = 0
Number of asset objects unloaded after import = 82
========================================================================
Received Import Request.
  Time since last request: 0.791690 seconds.
  path: Assets/Prefabs/Base Ground Set.prefab
  artifactKey: Guid(b611d16f6c805b742bf546e7a832177a) Importer(815301076,1909f56bfc062723c751e8b465ee728b)
Start importing Assets/Prefabs/Base Ground Set.prefab using Guid(b611d16f6c805b742bf546e7a832177a) Importer(815301076,1909f56bfc062723c751e8b465ee728b)  -> (artifact id: 'ffe8c7d696d07125b64dff439ef021eb') in 0.018269 seconds
Number of updated asset objects reloaded before import = 0
Number of asset objects unloaded after import = 117
========================================================================
Received Import Request.
  Time since last request: 1.998605 seconds.
  path: Assets/Prefabs/Base Ground Set.prefab
  artifactKey: Guid(b611d16f6c805b742bf546e7a832177a) Importer(815301076,1909f56bfc062723c751e8b465ee728b)
Start importing Assets/Prefabs/Base Ground Set.prefab using Guid(b611d16f6c805b742bf546e7a832177a) Importer(815301076,1909f56bfc062723c751e8b465ee728b)  -> (artifact id: '597d74eed64b0b5638050f50392958fe') in 0.018506 seconds
Number of updated asset objects reloaded before import = 0
Number of asset objects unloaded after import = 117
========================================================================
Received Import Request.
  Time since last request: 0.586897 seconds.
  path: Assets/Prefabs/Base Ground Set.prefab
  artifactKey: Guid(b611d16f6c805b742bf546e7a832177a) Importer(815301076,1909f56bfc062723c751e8b465ee728b)
Start importing Assets/Prefabs/Base Ground Set.prefab using Guid(b611d16f6c805b742bf546e7a832177a) Importer(815301076,1909f56bfc062723c751e8b465ee728b)  -> (artifact id: 'a05ece8ec6ab491925c4970299686000') in 0.014472 seconds
Number of updated asset objects reloaded before import = 0
Number of asset objects unloaded after import = 152
========================================================================
Received Import Request.
  Time since last request: 1.797222 seconds.
  path: Assets/Prefabs/Base Ground Set.prefab
  artifactKey: Guid(b611d16f6c805b742bf546e7a832177a) Importer(815301076,1909f56bfc062723c751e8b465ee728b)
Start importing Assets/Prefabs/Base Ground Set.prefab using Guid(b611d16f6c805b742bf546e7a832177a) Importer(815301076,1909f56bfc062723c751e8b465ee728b)  -> (artifact id: '330b3b5df376bc42e38f1619939f5c99') in 0.013861 seconds
Number of updated asset objects reloaded before import = 0
Number of asset objects unloaded after import = 152
========================================================================
Received Import Request.
  Time since last request: 3.824489 seconds.
  path: Assets/Prefabs/Base Ground Set.prefab
  artifactKey: Guid(b611d16f6c805b742bf546e7a832177a) Importer(815301076,1909f56bfc062723c751e8b465ee728b)
Start importing Assets/Prefabs/Base Ground Set.prefab using Guid(b611d16f6c805b742bf546e7a832177a) Importer(815301076,1909f56bfc062723c751e8b465ee728b)  -> (artifact id: 'ea5009e2047a8bbc1c35ec912efd3348') in 0.017345 seconds
Number of updated asset objects reloaded before import = 0
Number of asset objects unloaded after import = 187
========================================================================
Received Import Request.
  Time since last request: 2.181300 seconds.
  path: Assets/Prefabs/Base Ground Set.prefab
  artifactKey: Guid(b611d16f6c805b742bf546e7a832177a) Importer(815301076,1909f56bfc062723c751e8b465ee728b)
Start importing Assets/Prefabs/Base Ground Set.prefab using Guid(b611d16f6c805b742bf546e7a832177a) Importer(815301076,1909f56bfc062723c751e8b465ee728b)  -> (artifact id: '7412a215a56264a68acc170124b3ff13') in 0.016678 seconds
Number of updated asset objects reloaded before import = 0
Number of asset objects unloaded after import = 187
========================================================================
Received Import Request.
  Time since last request: 0.657595 seconds.
  path: Assets/Prefabs/Base Ground Set.prefab
  artifactKey: Guid(b611d16f6c805b742bf546e7a832177a) Importer(815301076,1909f56bfc062723c751e8b465ee728b)
Start importing Assets/Prefabs/Base Ground Set.prefab using Guid(b611d16f6c805b742bf546e7a832177a) Importer(815301076,1909f56bfc062723c751e8b465ee728b)  -> (artifact id: '71c5538fbbd5f120c6b87cff95033dcb') in 0.034449 seconds
Number of updated asset objects reloaded before import = 0
Number of asset objects unloaded after import = 222
========================================================================
Received Import Request.
  Time since last request: 1.703297 seconds.
  path: Assets/Prefabs/Base Ground Set.prefab
  artifactKey: Guid(b611d16f6c805b742bf546e7a832177a) Importer(815301076,1909f56bfc062723c751e8b465ee728b)
Start importing Assets/Prefabs/Base Ground Set.prefab using Guid(b611d16f6c805b742bf546e7a832177a) Importer(815301076,1909f56bfc062723c751e8b465ee728b)  -> (artifact id: '8532b8264e4970dc64cb17fde2b3c484') in 0.013789 seconds
Number of updated asset objects reloaded before import = 0
Number of asset objects unloaded after import = 222
========================================================================
Received Import Request.
  Time since last request: 0.603893 seconds.
  path: Assets/Prefabs/Base Ground Set.prefab
  artifactKey: Guid(b611d16f6c805b742bf546e7a832177a) Importer(815301076,1909f56bfc062723c751e8b465ee728b)
Start importing Assets/Prefabs/Base Ground Set.prefab using Guid(b611d16f6c805b742bf546e7a832177a) Importer(815301076,1909f56bfc062723c751e8b465ee728b)  -> (artifact id: '82d3ee6122c7eba3aa2b781e4b3fcfd8') in 0.015593 seconds
Number of updated asset objects reloaded before import = 0
Number of asset objects unloaded after import = 257
========================================================================
Received Import Request.
  Time since last request: 2.798606 seconds.
  path: Assets/Prefabs/Base Ground Set.prefab
  artifactKey: Guid(b611d16f6c805b742bf546e7a832177a) Importer(815301076,1909f56bfc062723c751e8b465ee728b)
Start importing Assets/Prefabs/Base Ground Set.prefab using Guid(b611d16f6c805b742bf546e7a832177a) Importer(815301076,1909f56bfc062723c751e8b465ee728b)  -> (artifact id: 'abd0bd1c0e9f95e94ff4ce49927272c0') in 0.014545 seconds
Number of updated asset objects reloaded before import = 0
Number of asset objects unloaded after import = 257
========================================================================
Received Import Request.
  Time since last request: 14.481814 seconds.
  path: Assets/Prefabs/Base.prefab
  artifactKey: Guid(c48452cb840d93a4fad1b2e0dd8af101) Importer(815301076,1909f56bfc062723c751e8b465ee728b)
Start importing Assets/Prefabs/Base.prefab using Guid(c48452cb840d93a4fad1b2e0dd8af101) Importer(815301076,1909f56bfc062723c751e8b465ee728b)  -> (artifact id: '66185c0c35aea3359aeeeb08e9e9945f') in 0.018441 seconds
Number of updated asset objects reloaded before import = 0
Number of asset objects unloaded after import = 8
========================================================================
Received Import Request.
  Time since last request: 1.346120 seconds.
  path: Assets/Prefabs/Base.prefab
  artifactKey: Guid(c48452cb840d93a4fad1b2e0dd8af101) Importer(815301076,1909f56bfc062723c751e8b465ee728b)
Start importing Assets/Prefabs/Base.prefab using Guid(c48452cb840d93a4fad1b2e0dd8af101) Importer(815301076,1909f56bfc062723c751e8b465ee728b)  -> (artifact id: '96f62bb5f5443c54bdba03bd0f4255f9') in 0.015383 seconds
Number of updated asset objects reloaded before import = 0
Number of asset objects unloaded after import = 8
========================================================================
Received Import Request.
  Time since last request: 16.136900 seconds.
  path: Assets/Prefabs/Tower.prefab
  artifactKey: Guid(30d9937a7bf4fde49955fdd7d12e0e1d) Importer(815301076,1909f56bfc062723c751e8b465ee728b)
Start importing Assets/Prefabs/Tower.prefab using Guid(30d9937a7bf4fde49955fdd7d12e0e1d) Importer(815301076,1909f56bfc062723c751e8b465ee728b)  -> (artifact id: '70aa66fd284bd2f3c10e2a9f4f016798') in 0.021066 seconds
Number of updated asset objects reloaded before import = 0
Number of asset objects unloaded after import = 7
========================================================================
Received Import Request.
  Time since last request: 0.575562 seconds.
  path: Assets/Prefabs/Tower.prefab
  artifactKey: Guid(30d9937a7bf4fde49955fdd7d12e0e1d) Importer(815301076,1909f56bfc062723c751e8b465ee728b)
Start importing Assets/Prefabs/Tower.prefab using Guid(30d9937a7bf4fde49955fdd7d12e0e1d) Importer(815301076,1909f56bfc062723c751e8b465ee728b)  -> (artifact id: '10680f70771118384b4a7bc2b4a54b1a') in 0.014087 seconds
Number of updated asset objects reloaded before import = 0
Number of asset objects unloaded after import = 7
========================================================================
Received Import Request.
  Time since last request: 1.098288 seconds.
  path: Assets/Prefabs/Tower.prefab
  artifactKey: Guid(30d9937a7bf4fde49955fdd7d12e0e1d) Importer(815301076,1909f56bfc062723c751e8b465ee728b)
Start importing Assets/Prefabs/Tower.prefab using Guid(30d9937a7bf4fde49955fdd7d12e0e1d) Importer(815301076,1909f56bfc062723c751e8b465ee728b)  -> (artifact id: '3c42a37fca19f64ba19988af36590553') in 0.015713 seconds
Number of updated asset objects reloaded before import = 0
Number of asset objects unloaded after import = 7
========================================================================
Received Import Request.
  Time since last request: 17.841273 seconds.
  path: Assets/Prefabs/Enemy.prefab
  artifactKey: Guid(5a2e70ea3d84aad4694e5de11dae2c0a) Importer(815301076,1909f56bfc062723c751e8b465ee728b)
Start importing Assets/Prefabs/Enemy.prefab using Guid(5a2e70ea3d84aad4694e5de11dae2c0a) Importer(815301076,1909f56bfc062723c751e8b465ee728b)  -> (artifact id: 'f05bee39d30184610ff62eb31731e39f') in 0.033927 seconds
Number of updated asset objects reloaded before import = 0
Number of asset objects unloaded after import = 9
========================================================================
Received Import Request.
  Time since last request: 2.797900 seconds.
  path: Assets/Prefabs/Enemy.prefab
  artifactKey: Guid(5a2e70ea3d84aad4694e5de11dae2c0a) Importer(815301076,1909f56bfc062723c751e8b465ee728b)
Start importing Assets/Prefabs/Enemy.prefab using Guid(5a2e70ea3d84aad4694e5de11dae2c0a) Importer(815301076,1909f56bfc062723c751e8b465ee728b)  -> (artifact id: '9b99df45f6132a2384fc55b48540fc9f') in 0.014357 seconds
Number of updated asset objects reloaded before import = 0
Number of asset objects unloaded after import = 9
========================================================================
Received Import Request.
  Time since last request: 2.590977 seconds.
  path: Assets/Prefabs/Enemy.prefab
  artifactKey: Guid(5a2e70ea3d84aad4694e5de11dae2c0a) Importer(815301076,1909f56bfc062723c751e8b465ee728b)
Start importing Assets/Prefabs/Enemy.prefab using Guid(5a2e70ea3d84aad4694e5de11dae2c0a) Importer(815301076,1909f56bfc062723c751e8b465ee728b)  -> (artifact id: '23e1e0e04f2407e2c07efc63354bc6e0') in 0.018503 seconds
Number of updated asset objects reloaded before import = 0
Number of asset objects unloaded after import = 9
========================================================================
Received Import Request.
  Time since last request: 41.690020 seconds.
  path: Assets/Prefabs/Walkable Ground Set.prefab
  artifactKey: Guid(0c4a0f67f0748e944b7319146b60650b) Importer(815301076,1909f56bfc062723c751e8b465ee728b)
Start importing Assets/Prefabs/Walkable Ground Set.prefab using Guid(0c4a0f67f0748e944b7319146b60650b) Importer(815301076,1909f56bfc062723c751e8b465ee728b)  -> (artifact id: '1974af4ddf7153415504e8dd5cf393a8') in 0.015342 seconds
Number of updated asset objects reloaded before import = 0
Number of asset objects unloaded after import = 456
========================================================================
Received Import Request.
  Time since last request: 0.977285 seconds.
  path: Assets/Prefabs/Walkable Ground Set.prefab
  artifactKey: Guid(0c4a0f67f0748e944b7319146b60650b) Importer(815301076,1909f56bfc062723c751e8b465ee728b)
Start importing Assets/Prefabs/Walkable Ground Set.prefab using Guid(0c4a0f67f0748e944b7319146b60650b) Importer(815301076,1909f56bfc062723c751e8b465ee728b)  -> (artifact id: '1744501b0fdf2caffaccf2990c35e3f0') in 0.015112 seconds
Number of updated asset objects reloaded before import = 0
Number of asset objects unloaded after import = 452
========================================================================
Received Import Request.
  Time since last request: 1.194399 seconds.
  path: Assets/Prefabs/Walkable Ground Set.prefab
  artifactKey: Guid(0c4a0f67f0748e944b7319146b60650b) Importer(815301076,1909f56bfc062723c751e8b465ee728b)
Start importing Assets/Prefabs/Walkable Ground Set.prefab using Guid(0c4a0f67f0748e944b7319146b60650b) Importer(815301076,1909f56bfc062723c751e8b465ee728b)  -> (artifact id: 'd1028975d300fc613eb06f56d35d7002') in 0.018264 seconds
Number of updated asset objects reloaded before import = 0
Number of asset objects unloaded after import = 448
========================================================================
Received Import Request.
  Time since last request: 1.191521 seconds.
  path: Assets/Prefabs/Walkable Ground Set.prefab
  artifactKey: Guid(0c4a0f67f0748e944b7319146b60650b) Importer(815301076,1909f56bfc062723c751e8b465ee728b)
Start importing Assets/Prefabs/Walkable Ground Set.prefab using Guid(0c4a0f67f0748e944b7319146b60650b) Importer(815301076,1909f56bfc062723c751e8b465ee728b)  -> (artifact id: 'f96b9abee17e11029a95fc392f9c3d9a') in 0.018582 seconds
Number of updated asset objects reloaded before import = 0
Number of asset objects unloaded after import = 444
========================================================================
Received Import Request.
  Time since last request: 0.995006 seconds.
  path: Assets/Prefabs/Walkable Ground Set.prefab
  artifactKey: Guid(0c4a0f67f0748e944b7319146b60650b) Importer(815301076,1909f56bfc062723c751e8b465ee728b)
Start importing Assets/Prefabs/Walkable Ground Set.prefab using Guid(0c4a0f67f0748e944b7319146b60650b) Importer(815301076,1909f56bfc062723c751e8b465ee728b)  -> (artifact id: '9f25feb54018e58f9f5d190122a240c3') in 0.022799 seconds
Number of updated asset objects reloaded before import = 0
Number of asset objects unloaded after import = 440
========================================================================
Received Import Request.
  Time since last request: 0.975850 seconds.
  path: Assets/Prefabs/Walkable Ground Set.prefab
  artifactKey: Guid(0c4a0f67f0748e944b7319146b60650b) Importer(815301076,1909f56bfc062723c751e8b465ee728b)
Start importing Assets/Prefabs/Walkable Ground Set.prefab using Guid(0c4a0f67f0748e944b7319146b60650b) Importer(815301076,1909f56bfc062723c751e8b465ee728b)  -> (artifact id: '04c4f1bde86364ccd98ebf474951a4dd') in 0.019571 seconds
Number of updated asset objects reloaded before import = 0
Number of asset objects unloaded after import = 436
========================================================================
Received Import Request.
  Time since last request: 0.984199 seconds.
  path: Assets/Prefabs/Walkable Ground Set.prefab
  artifactKey: Guid(0c4a0f67f0748e944b7319146b60650b) Importer(815301076,1909f56bfc062723c751e8b465ee728b)
Start importing Assets/Prefabs/Walkable Ground Set.prefab using Guid(0c4a0f67f0748e944b7319146b60650b) Importer(815301076,1909f56bfc062723c751e8b465ee728b)  -> (artifact id: '2cd4dee0c5d7e855b367fa9a51bfbd22') in 0.015922 seconds
Number of updated asset objects reloaded before import = 0
Number of asset objects unloaded after import = 432
========================================================================
Received Import Request.
  Time since last request: 12.275225 seconds.
  path: Assets/Prefabs/Ground Block Variant.prefab
  artifactKey: Guid(4d15e2db0e78e7f4895d4c72d5a9854f) Importer(815301076,1909f56bfc062723c751e8b465ee728b)
Start importing Assets/Prefabs/Ground Block Variant.prefab using Guid(4d15e2db0e78e7f4895d4c72d5a9854f) Importer(815301076,1909f56bfc062723c751e8b465ee728b)  -> (artifact id: '0282fe1e12cdd4887ec2a2a5d5a2536e') in 0.016019 seconds
Number of updated asset objects reloaded before import = 0
Number of asset objects unloaded after import = 14
========================================================================
Received Import Request.
  Time since last request: 8.759474 seconds.
  path: Assets/Prefabs/Walkable Block.prefab
  artifactKey: Guid(4d15e2db0e78e7f4895d4c72d5a9854f) Importer(815301076,1909f56bfc062723c751e8b465ee728b)
Start importing Assets/Prefabs/Walkable Block.prefab using Guid(4d15e2db0e78e7f4895d4c72d5a9854f) Importer(815301076,1909f56bfc062723c751e8b465ee728b)  -> (artifact id: '3629040c5bd8609f501ae896cc36cb2e') in 0.014805 seconds
Number of updated asset objects reloaded before import = 0
Number of asset objects unloaded after import = 14
========================================================================
Received Import Request.
  Time since last request: 5.637157 seconds.
  path: Assets/Materials/Walkable Block Material.mat
  artifactKey: Guid(2f559450da1a81941a79f7756e7efeb4) Importer(815301076,1909f56bfc062723c751e8b465ee728b)
Start importing Assets/Materials/Walkable Block Material.mat using Guid(2f559450da1a81941a79f7756e7efeb4) Importer(815301076,1909f56bfc062723c751e8b465ee728b)  -> (artifact id: 'eef45f247184e36e5c104c2427b9b510') in 0.020952 seconds
Number of updated asset objects reloaded before import = 0
Number of asset objects unloaded after import = 1
========================================================================
Received Import Request.
  Time since last request: 6.572338 seconds.
  path: Assets/Prefabs/Walkable Block.prefab
  artifactKey: Guid(4d15e2db0e78e7f4895d4c72d5a9854f) Importer(815301076,1909f56bfc062723c751e8b465ee728b)
Start importing Assets/Prefabs/Walkable Block.prefab using Guid(4d15e2db0e78e7f4895d4c72d5a9854f) Importer(815301076,1909f56bfc062723c751e8b465ee728b)  -> (artifact id: 'b611c3381bf9f53c9d59f49a2141d599') in 0.012945 seconds
Number of updated asset objects reloaded before import = 0
Number of asset objects unloaded after import = 15
========================================================================
Received Import Request.
  Time since last request: 6.982906 seconds.
  path: Assets/Prefabs/Walkable Ground Set.prefab
  artifactKey: Guid(0c4a0f67f0748e944b7319146b60650b) Importer(815301076,1909f56bfc062723c751e8b465ee728b)
Start importing Assets/Prefabs/Walkable Ground Set.prefab using Guid(0c4a0f67f0748e944b7319146b60650b) Importer(815301076,1909f56bfc062723c751e8b465ee728b)  -> (artifact id: '294809e4bf0fba03128d21774e856f7e') in 0.018674 seconds
Number of updated asset objects reloaded before import = 0
Number of asset objects unloaded after import = 444
========================================================================
Received Import Request.
  Time since last request: 4.207456 seconds.
  path: Assets/Prefabs/Walkable Ground Set.prefab
  artifactKey: Guid(0c4a0f67f0748e944b7319146b60650b) Importer(815301076,1909f56bfc062723c751e8b465ee728b)
Start importing Assets/Prefabs/Walkable Ground Set.prefab using Guid(0c4a0f67f0748e944b7319146b60650b) Importer(815301076,1909f56bfc062723c751e8b465ee728b)  -> (artifact id: '3ae3ba37f05c6550af963c5f2e8aefee') in 0.021833 seconds
Number of updated asset objects reloaded before import = 0
Number of asset objects unloaded after import = 444
========================================================================
Received Import Request.
  Time since last request: 1.184448 seconds.
  path: Assets/Prefabs/Walkable Ground Set.prefab
  artifactKey: Guid(0c4a0f67f0748e944b7319146b60650b) Importer(815301076,1909f56bfc062723c751e8b465ee728b)
Start importing Assets/Prefabs/Walkable Ground Set.prefab using Guid(0c4a0f67f0748e944b7319146b60650b) Importer(815301076,1909f56bfc062723c751e8b465ee728b)  -> (artifact id: 'b622b2d60e419e384ba5c7efa26c444a') in 0.021035 seconds
Number of updated asset objects reloaded before import = 0
Number of asset objects unloaded after import = 444
========================================================================
Received Import Request.
  Time since last request: 2.597579 seconds.
  path: Assets/Prefabs/Walkable Ground Set.prefab
  artifactKey: Guid(0c4a0f67f0748e944b7319146b60650b) Importer(815301076,1909f56bfc062723c751e8b465ee728b)
Start importing Assets/Prefabs/Walkable Ground Set.prefab using Guid(0c4a0f67f0748e944b7319146b60650b) Importer(815301076,1909f56bfc062723c751e8b465ee728b)  -> (artifact id: '185b19f1cd04ef79635270fd133edb34') in 0.015511 seconds
Number of updated asset objects reloaded before import = 0
Number of asset objects unloaded after import = 444
========================================================================
Received Import Request.
  Time since last request: 4.828854 seconds.
  path: Assets/Prefabs/Walkable Ground Set.prefab
  artifactKey: Guid(0c4a0f67f0748e944b7319146b60650b) Importer(815301076,1909f56bfc062723c751e8b465ee728b)
Start importing Assets/Prefabs/Walkable Ground Set.prefab using Guid(0c4a0f67f0748e944b7319146b60650b) Importer(815301076,1909f56bfc062723c751e8b465ee728b)  -> (artifact id: 'e12640510c88a4aa05aeb0e4dfc5f64c') in 0.020486 seconds
Number of updated asset objects reloaded before import = 0
Number of asset objects unloaded after import = 449
========================================================================
Received Import Request.
  Time since last request: 2.397373 seconds.
  path: Assets/Prefabs/Walkable Ground Set.prefab
  artifactKey: Guid(0c4a0f67f0748e944b7319146b60650b) Importer(815301076,1909f56bfc062723c751e8b465ee728b)
Start importing Assets/Prefabs/Walkable Ground Set.prefab using Guid(0c4a0f67f0748e944b7319146b60650b) Importer(815301076,1909f56bfc062723c751e8b465ee728b)  -> (artifact id: 'ed0ea9964aef230f2f66286a3debf882') in 0.015668 seconds
Number of updated asset objects reloaded before import = 0
Number of asset objects unloaded after import = 449
========================================================================
Received Import Request.
  Time since last request: 0.195294 seconds.
  path: Assets/Prefabs/Walkable Ground Set.prefab
  artifactKey: Guid(0c4a0f67f0748e944b7319146b60650b) Importer(815301076,1909f56bfc062723c751e8b465ee728b)
Start importing Assets/Prefabs/Walkable Ground Set.prefab using Guid(0c4a0f67f0748e944b7319146b60650b) Importer(815301076,1909f56bfc062723c751e8b465ee728b)  -> (artifact id: '4b43aa95457cbeba6a4a1d2d4ec5034e') in 0.017579 seconds
Number of updated asset objects reloaded before import = 0
Number of asset objects unloaded after import = 454
========================================================================
Received Import Request.
  Time since last request: 1.188352 seconds.
  path: Assets/Prefabs/Walkable Ground Set.prefab
  artifactKey: Guid(0c4a0f67f0748e944b7319146b60650b) Importer(815301076,1909f56bfc062723c751e8b465ee728b)
Start importing Assets/Prefabs/Walkable Ground Set.prefab using Guid(0c4a0f67f0748e944b7319146b60650b) Importer(815301076,1909f56bfc062723c751e8b465ee728b)  -> (artifact id: 'feb7d7e6fe1d0ac55260cf55a6dcb4de') in 0.020996 seconds
Number of updated asset objects reloaded before import = 0
Number of asset objects unloaded after import = 454
========================================================================
Received Import Request.
  Time since last request: 0.395645 seconds.
  path: Assets/Prefabs/Walkable Ground Set.prefab
  artifactKey: Guid(0c4a0f67f0748e944b7319146b60650b) Importer(815301076,1909f56bfc062723c751e8b465ee728b)
Start importing Assets/Prefabs/Walkable Ground Set.prefab using Guid(0c4a0f67f0748e944b7319146b60650b) Importer(815301076,1909f56bfc062723c751e8b465ee728b)  -> (artifact id: 'fe744fc964eca56b3a392c2efa6ff654') in 0.015219 seconds
Number of updated asset objects reloaded before import = 0
Number of asset objects unloaded after import = 459
========================================================================
Received Import Request.
  Time since last request: 1.600020 seconds.
  path: Assets/Prefabs/Walkable Ground Set.prefab
  artifactKey: Guid(0c4a0f67f0748e944b7319146b60650b) Importer(815301076,1909f56bfc062723c751e8b465ee728b)
Start importing Assets/Prefabs/Walkable Ground Set.prefab using Guid(0c4a0f67f0748e944b7319146b60650b) Importer(815301076,1909f56bfc062723c751e8b465ee728b)  -> (artifact id: '08f4d67a90b658e0d0d511b454baf84e') in 0.017850 seconds
Number of updated asset objects reloaded before import = 0
Number of asset objects unloaded after import = 459
========================================================================
Received Import Request.
  Time since last request: 0.386585 seconds.
  path: Assets/Prefabs/Walkable Ground Set.prefab
  artifactKey: Guid(0c4a0f67f0748e944b7319146b60650b) Importer(815301076,1909f56bfc062723c751e8b465ee728b)
Start importing Assets/Prefabs/Walkable Ground Set.prefab using Guid(0c4a0f67f0748e944b7319146b60650b) Importer(815301076,1909f56bfc062723c751e8b465ee728b)  -> (artifact id: '62dbf3ab053988b023d75ef3748b8339') in 0.017706 seconds
Number of updated asset objects reloaded before import = 0
Number of asset objects unloaded after import = 464
========================================================================
Received Import Request.
  Time since last request: 1.794932 seconds.
  path: Assets/Prefabs/Walkable Ground Set.prefab
  artifactKey: Guid(0c4a0f67f0748e944b7319146b60650b) Importer(815301076,1909f56bfc062723c751e8b465ee728b)
Start importing Assets/Prefabs/Walkable Ground Set.prefab using Guid(0c4a0f67f0748e944b7319146b60650b) Importer(815301076,1909f56bfc062723c751e8b465ee728b)  -> (artifact id: '003db0e214e792643bac0349da4fd06e') in 0.018702 seconds
Number of updated asset objects reloaded before import = 0
Number of asset objects unloaded after import = 464
========================================================================
Received Import Request.
  Time since last request: 0.376090 seconds.
  path: Assets/Prefabs/Walkable Ground Set.prefab
  artifactKey: Guid(0c4a0f67f0748e944b7319146b60650b) Importer(815301076,1909f56bfc062723c751e8b465ee728b)
Start importing Assets/Prefabs/Walkable Ground Set.prefab using Guid(0c4a0f67f0748e944b7319146b60650b) Importer(815301076,1909f56bfc062723c751e8b465ee728b)  -> (artifact id: '14a22976916ffaad762817ab63cca00f') in 0.010774 seconds
Number of updated asset objects reloaded before import = 0
Number of asset objects unloaded after import = 469
========================================================================
Received Import Request.
  Time since last request: 1.399940 seconds.
  path: Assets/Prefabs/Walkable Ground Set.prefab
  artifactKey: Guid(0c4a0f67f0748e944b7319146b60650b) Importer(815301076,1909f56bfc062723c751e8b465ee728b)
Start importing Assets/Prefabs/Walkable Ground Set.prefab using Guid(0c4a0f67f0748e944b7319146b60650b) Importer(815301076,1909f56bfc062723c751e8b465ee728b)  -> (artifact id: 'e0032f173dbb5961d4e20e8770895ae7') in 0.017926 seconds
Number of updated asset objects reloaded before import = 0
Number of asset objects unloaded after import = 469
========================================================================
Received Import Request.
  Time since last request: 0.586511 seconds.
  path: Assets/Prefabs/Walkable Ground Set.prefab
  artifactKey: Guid(0c4a0f67f0748e944b7319146b60650b) Importer(815301076,1909f56bfc062723c751e8b465ee728b)
Start importing Assets/Prefabs/Walkable Ground Set.prefab using Guid(0c4a0f67f0748e944b7319146b60650b) Importer(815301076,1909f56bfc062723c751e8b465ee728b)  -> (artifact id: '59be9f0a4de93373d4042961f3fffabc') in 0.008576 seconds
Number of updated asset objects reloaded before import = 0
Number of asset objects unloaded after import = 474
========================================================================
Received Import Request.
  Time since last request: 1.816212 seconds.
  path: Assets/Prefabs/Walkable Ground Set.prefab
  artifactKey: Guid(0c4a0f67f0748e944b7319146b60650b) Importer(815301076,1909f56bfc062723c751e8b465ee728b)
Start importing Assets/Prefabs/Walkable Ground Set.prefab using Guid(0c4a0f67f0748e944b7319146b60650b) Importer(815301076,1909f56bfc062723c751e8b465ee728b)  -> (artifact id: '48c04ffd0d5de2e20142973d0f3b088b') in 0.015560 seconds
Number of updated asset objects reloaded before import = 0
Number of asset objects unloaded after import = 474
========================================================================
Received Import Request.
  Time since last request: 133.672858 seconds.
  path: Assets/Prefabs/Walkable Block.prefab
  artifactKey: Guid(4d15e2db0e78e7f4895d4c72d5a9854f) Importer(815301076,1909f56bfc062723c751e8b465ee728b)
Start importing Assets/Prefabs/Walkable Block.prefab using Guid(4d15e2db0e78e7f4895d4c72d5a9854f) Importer(815301076,1909f56bfc062723c751e8b465ee728b)  -> (artifact id: '025e8aa6663ad027be9ec42eae774823') in 0.007298 seconds
Number of updated asset objects reloaded before import = 0
Number of asset objects unloaded after import = 15
========================================================================
Received Prepare
Begin MonoManager ReloadAssembly
Symbol file LoadedFromMemory doesn't match image C:\acamlated\Unity\Defend\Defend\Library\PackageCache\com.unity.visualscripting@1.8.0\Editor\VisualScripting.Core\Dependencies\YamlDotNet\Unity.VisualScripting.YamlDotNet.dll
Symbol file LoadedFromMemory doesn't match image C:\acamlated\Unity\Defend\Defend\Library\PackageCache\com.unity.visualscripting@1.8.0\Editor\VisualScripting.Core\Dependencies\DotNetZip\Unity.VisualScripting.IonicZip.dll
- Loaded All Assemblies, in  2.029 seconds
Refreshing native plugins compatible for Editor in 2.54 ms, found 3 plugins.
