Using pre-set license
Built from '2022.3/staging' branch; Version is '2022.3.6f1 (b9e6e7e9fa2d) revision 12183271'; Using compiler version '192829333'; Build Type 'Release'
OS: 'Windows 11  (10.0.22621) 64bit Core' Language: 'en' Physical Memory: 32387 MB
BatchMode: 1, IsHumanControllingUs: 0, StartBugReporterOnCrash: 0, Is64bit: 1, IsPro: 1

COMMAND LINE ARGUMENTS:
C:\Program Files\Unity\Hub\Editor\2022.3.6f1\Editor\Unity.exe
-adb2
-batchMode
-noUpm
-name
AssetImportWorker0
-projectPath
C:/acamlated/Unity/Defend/Defend
-logFile
Logs/AssetImportWorker0.log
-srvPort
58104
Successfully changed project path to: C:/acamlated/Unity/Defend/Defend
C:/acamlated/Unity/Defend/Defend
[UnityMemory] Configuration Parameters - Can be set up in boot.config
    "memorysetup-bucket-allocator-granularity=16"
    "memorysetup-bucket-allocator-bucket-count=8"
    "memorysetup-bucket-allocator-block-size=33554432"
    "memorysetup-bucket-allocator-block-count=8"
    "memorysetup-main-allocator-block-size=16777216"
    "memorysetup-thread-allocator-block-size=16777216"
    "memorysetup-gfx-main-allocator-block-size=16777216"
    "memorysetup-gfx-thread-allocator-block-size=16777216"
    "memorysetup-cache-allocator-block-size=4194304"
    "memorysetup-typetree-allocator-block-size=2097152"
    "memorysetup-profiler-bucket-allocator-granularity=16"
    "memorysetup-profiler-bucket-allocator-bucket-count=8"
    "memorysetup-profiler-bucket-allocator-block-size=33554432"
    "memorysetup-profiler-bucket-allocator-block-count=8"
    "memorysetup-profiler-allocator-block-size=16777216"
    "memorysetup-profiler-editor-allocator-block-size=1048576"
    "memorysetup-temp-allocator-size-main=16777216"
    "memorysetup-job-temp-allocator-block-size=2097152"
    "memorysetup-job-temp-allocator-block-size-background=1048576"
    "memorysetup-job-temp-allocator-reduction-small-platforms=262144"
    "memorysetup-allocator-temp-initial-block-size-main=262144"
    "memorysetup-allocator-temp-initial-block-size-worker=262144"
    "memorysetup-temp-allocator-size-background-worker=32768"
    "memorysetup-temp-allocator-size-job-worker=262144"
    "memorysetup-temp-allocator-size-preload-manager=33554432"
    "memorysetup-temp-allocator-size-nav-mesh-worker=65536"
    "memorysetup-temp-allocator-size-audio-worker=65536"
    "memorysetup-temp-allocator-size-cloud-worker=32768"
    "memorysetup-temp-allocator-size-gi-baking-worker=262144"
    "memorysetup-temp-allocator-size-gfx=262144"
Player connection [32012] Host "[IP] 192.168.5.54 [Port] 0 [Flags] 2 [Guid] 3623990653 [EditorId] 3623990653 [Version] 1048832 [Id] WindowsEditor(7,A-L-3-4-23) [Debug] 1 [PackageName] WindowsEditor [ProjectName] Editor" joined multi-casting on [225.0.0.222:54997]...

Player connection [32012] Host "[IP] 192.168.5.54 [Port] 0 [Flags] 2 [Guid] 3623990653 [EditorId] 3623990653 [Version] 1048832 [Id] WindowsEditor(7,A-L-3-4-23) [Debug] 1 [PackageName] WindowsEditor [ProjectName] Editor" joined alternative multi-casting on [225.0.0.222:34997]...

Refreshing native plugins compatible for Editor in 6.10 ms, found 3 plugins.
Preloading 0 native plugins for Editor in 0.00 ms.
Initialize engine version: 2022.3.6f1 (b9e6e7e9fa2d)
[Subsystems] Discovering subsystems at path C:/Program Files/Unity/Hub/Editor/2022.3.6f1/Editor/Data/Resources/UnitySubsystems
[Subsystems] Discovering subsystems at path C:/acamlated/Unity/Defend/Defend/Assets
GfxDevice: creating device client; threaded=0; jobified=0
Direct3D:
    Version:  Direct3D 11.0 [level 11.1]
    Renderer: NVIDIA GeForce RTX 4060 Laptop GPU (ID=0x28e0)
    Vendor:   NVIDIA
    VRAM:     7957 MB
    Driver:   31.0.15.5123
Initialize mono
Mono path[0] = 'C:/Program Files/Unity/Hub/Editor/2022.3.6f1/Editor/Data/Managed'
Mono path[1] = 'C:/Program Files/Unity/Hub/Editor/2022.3.6f1/Editor/Data/MonoBleedingEdge/lib/mono/unityjit-win32'
Mono config path = 'C:/Program Files/Unity/Hub/Editor/2022.3.6f1/Editor/Data/MonoBleedingEdge/etc'
Using monoOptions --debugger-agent=transport=dt_socket,embedding=1,server=y,suspend=n,address=127.0.0.1:56008
Begin MonoManager ReloadAssembly
Registering precompiled unity dll's ...
Register platform support module: C:/Program Files/Unity/Hub/Editor/2022.3.6f1/Editor/Data/PlaybackEngines/AndroidPlayer/UnityEditor.Android.Extensions.dll
Register platform support module: C:/Program Files/Unity/Hub/Editor/2022.3.6f1/Editor/Data/PlaybackEngines/WindowsStandaloneSupport/UnityEditor.WindowsStandalone.Extensions.dll
Registered in 0.005914 seconds.
- Loaded All Assemblies, in  0.284 seconds
Native extension for WindowsStandalone target not found
Native extension for Android target not found
Android Extension - Scanning For ADB Devices 323 ms
Mono: successfully reloaded assembly
- Finished resetting the current domain, in  0.597 seconds
Domain Reload Profiling: 880ms
	BeginReloadAssembly (72ms)
		ExecutionOrderSort (0ms)
		DisableScriptedObjects (0ms)
		BackupInstance (0ms)
		ReleaseScriptingObjects (0ms)
		CreateAndSetChildDomain (1ms)
	RebuildCommonClasses (31ms)
	RebuildNativeTypeToScriptingClass (7ms)
	initialDomainReloadingComplete (48ms)
	LoadAllAssembliesAndSetupDomain (124ms)
		LoadAssemblies (71ms)
		RebuildTransferFunctionScriptingTraits (0ms)
		AnalyzeDomain (116ms)
			TypeCache.Refresh (115ms)
				TypeCache.ScanAssembly (106ms)
			ScanForSourceGeneratedMonoScriptInfo (0ms)
			ResolveRequiredComponents (0ms)
	FinalizeReload (597ms)
		ReleaseScriptCaches (0ms)
		RebuildScriptCaches (0ms)
		SetupLoadedEditorAssemblies (549ms)
			LogAssemblyErrors (0ms)
			InitializePlatformSupportModulesInManaged (429ms)
			SetLoadedEditorAssemblies (3ms)
			RefreshPlugins (0ms)
			BeforeProcessingInitializeOnLoad (2ms)
			ProcessInitializeOnLoadAttributes (78ms)
			ProcessInitializeOnLoadMethodAttributes (36ms)
			AfterProcessingInitializeOnLoad (0ms)
			EditorAssembliesLoaded (0ms)
		ExecutionOrderSort2 (0ms)
		AwakeInstancesAfterBackupRestoration (0ms)
========================================================================
Worker process is ready to serve import requests
Begin MonoManager ReloadAssembly
Symbol file LoadedFromMemory doesn't match image C:\acamlated\Unity\Defend\Defend\Library\PackageCache\com.unity.visualscripting@1.8.0\Editor\VisualScripting.Core\Dependencies\YamlDotNet\Unity.VisualScripting.YamlDotNet.dll
Symbol file LoadedFromMemory doesn't match image C:\acamlated\Unity\Defend\Defend\Library\PackageCache\com.unity.visualscripting@1.8.0\Editor\VisualScripting.Core\Dependencies\DotNetZip\Unity.VisualScripting.IonicZip.dll
- Loaded All Assemblies, in  0.610 seconds
Refreshing native plugins compatible for Editor in 2.26 ms, found 3 plugins.
Native extension for WindowsStandalone target not found
Native extension for Android target not found
Package Manager log level set to [2]
[Package Manager] Server::EnsureServerProcessIsRunning -- launch failed, reason: Unity was launched with the -noUpm command-line argument
[Package Manager] UpmClient::Send -- Unable to send message (not connected to UPM process).
[Package Manager] Cannot connect to Unity Package Manager local server
Mono: successfully reloaded assembly
- Finished resetting the current domain, in  0.413 seconds
Domain Reload Profiling: 1020ms
	BeginReloadAssembly (107ms)
		ExecutionOrderSort (0ms)
		DisableScriptedObjects (4ms)
		BackupInstance (0ms)
		ReleaseScriptingObjects (0ms)
		CreateAndSetChildDomain (20ms)
	RebuildCommonClasses (27ms)
	RebuildNativeTypeToScriptingClass (8ms)
	initialDomainReloadingComplete (37ms)
	LoadAllAssembliesAndSetupDomain (427ms)
		LoadAssemblies (223ms)
		RebuildTransferFunctionScriptingTraits (0ms)
		AnalyzeDomain (252ms)
			TypeCache.Refresh (238ms)
				TypeCache.ScanAssembly (225ms)
			ScanForSourceGeneratedMonoScriptInfo (11ms)
			ResolveRequiredComponents (3ms)
	FinalizeReload (413ms)
		ReleaseScriptCaches (0ms)
		RebuildScriptCaches (0ms)
		SetupLoadedEditorAssemblies (283ms)
			LogAssemblyErrors (0ms)
			InitializePlatformSupportModulesInManaged (18ms)
			SetLoadedEditorAssemblies (2ms)
			RefreshPlugins (0ms)
			BeforeProcessingInitializeOnLoad (49ms)
			ProcessInitializeOnLoadAttributes (195ms)
			ProcessInitializeOnLoadMethodAttributes (14ms)
			AfterProcessingInitializeOnLoad (5ms)
			EditorAssembliesLoaded (0ms)
		ExecutionOrderSort2 (0ms)
		AwakeInstancesAfterBackupRestoration (6ms)
Launched and connected shader compiler UnityShaderCompiler.exe after 0.05 seconds
Refreshing native plugins compatible for Editor in 2.89 ms, found 3 plugins.
Preloading 0 native plugins for Editor in 0.00 ms.
Unloading 3115 Unused Serialized files (Serialized files now loaded: 0)
Unloading 31 unused Assets / (56.3 KB). Loaded Objects now: 3580.
Memory consumption went from 123.5 MB to 123.4 MB.
Total: 3.033300 ms (FindLiveObjects: 0.289200 ms CreateObjectMapping: 0.135700 ms MarkObjects: 2.515900 ms  DeleteObjects: 0.091500 ms)

AssetImportParameters requested are different than current active one (requested -> active):
  custom:container-demuxer-ogg: 62fdf1f143b41e24485cea50d1cbac27 -> 
  custom:video-codec-MediaFoundation-h265: 746d11721c4dcdbdad8f713fa42b33f4 -> 
  custom:video-decoder-ogg-theora: a1e56fd34408186e4bbccfd4996cb3dc -> 
  custom:framework-win-MediaFoundation: 216162199b28c13a410421893ffa2e32 -> 
  custom:CustomObjectIndexerAttribute: 756ad292c208cfabdd7b50bc23989ffe -> 
  custom:container-demuxer-webm: 4f35f7cbe854078d1ac9338744f61a02 -> 
  custom:container-muxer-webm: aa71ff27fc2769a1b78a27578f13a17b -> 
  custom:video-decoder-webm-vp8: 9c59270c3fd7afecdb556c50c9e8de78 -> 
  custom:SearchIndexIgnoredProperties: e643bd26f0fe6173181afceb89e7c659 -> 
  custom:AudioImporter_EditorPlatform: d09bf68614088b80899f8185d706f6e7 -> 
  custom:video-encoder-webm-vp8: eb34c28f22e8b96e1ab97ce403110664 -> 
  custom:audio-decoder-ogg-vorbis: bf7c407c2cedff20999df2af8eb42d56 -> 
  custom:audio-encoder-webm-vorbis: bf7c407c2cedff20999df2af8eb42d56 -> 
========================================================================
Received Import Request.
  Time since last request: 74912.704979 seconds.
  path: Assets/Prefabs/Ground Block.prefab
  artifactKey: Guid(56cc786e9fc95b64c877c439706cdbe2) Importer(815301076,1909f56bfc062723c751e8b465ee728b)
Start importing Assets/Prefabs/Ground Block.prefab using Guid(56cc786e9fc95b64c877c439706cdbe2) Importer(815301076,1909f56bfc062723c751e8b465ee728b)  -> (artifact id: 'bb5b9b862617a196b62d1554b9e62cf9') in 0.074865 seconds
Number of updated asset objects reloaded before import = 0
Number of asset objects unloaded after import = 7
========================================================================
Received Import Request.
  Time since last request: 3.341661 seconds.
  path: Assets/Materials/Ground Material.mat
  artifactKey: Guid(354c92f6513469c4eb37a82bedfdbcab) Importer(815301076,1909f56bfc062723c751e8b465ee728b)
Start importing Assets/Materials/Ground Material.mat using Guid(354c92f6513469c4eb37a82bedfdbcab) Importer(815301076,1909f56bfc062723c751e8b465ee728b)  -> (artifact id: 'dc7a458bad922b23814bed4f732580da') in 0.030242 seconds
Number of updated asset objects reloaded before import = 0
Number of asset objects unloaded after import = 1
========================================================================
Received Import Request.
  Time since last request: 123.776612 seconds.
  path: Assets/Prefabs/Ground Block.prefab
  artifactKey: Guid(56cc786e9fc95b64c877c439706cdbe2) Importer(815301076,1909f56bfc062723c751e8b465ee728b)
Start importing Assets/Prefabs/Ground Block.prefab using Guid(56cc786e9fc95b64c877c439706cdbe2) Importer(815301076,1909f56bfc062723c751e8b465ee728b)  -> (artifact id: '244fe98cce7d3290c2ee222dff88d59c') in 0.006845 seconds
Number of updated asset objects reloaded before import = 0
Number of asset objects unloaded after import = 8
========================================================================
Received Import Request.
  Time since last request: 3.464757 seconds.
  path: Assets/Prefabs/Base Ground Set.prefab
  artifactKey: Guid(b611d16f6c805b742bf546e7a832177a) Importer(815301076,1909f56bfc062723c751e8b465ee728b)
Start importing Assets/Prefabs/Base Ground Set.prefab using Guid(b611d16f6c805b742bf546e7a832177a) Importer(815301076,1909f56bfc062723c751e8b465ee728b)  -> (artifact id: '333c74c93b8ee6beb5b265f6b2acf372') in 0.016127 seconds
Number of updated asset objects reloaded before import = 0
Number of asset objects unloaded after import = 191
========================================================================
Received Import Request.
  Time since last request: 11.187227 seconds.
  path: Assets/Prefabs/Base Ground Set.prefab
  artifactKey: Guid(b611d16f6c805b742bf546e7a832177a) Importer(815301076,1909f56bfc062723c751e8b465ee728b)
Start importing Assets/Prefabs/Base Ground Set.prefab using Guid(b611d16f6c805b742bf546e7a832177a) Importer(815301076,1909f56bfc062723c751e8b465ee728b)  -> (artifact id: 'afd7f1e3eacf0d0931d37c56f87fdf0b') in 0.014267 seconds
Number of updated asset objects reloaded before import = 0
Number of asset objects unloaded after import = 191
========================================================================
Received Import Request.
  Time since last request: 26.623484 seconds.
  path: Assets/Prefabs/Base Ground Set.prefab
  artifactKey: Guid(b611d16f6c805b742bf546e7a832177a) Importer(815301076,1909f56bfc062723c751e8b465ee728b)
Start importing Assets/Prefabs/Base Ground Set.prefab using Guid(b611d16f6c805b742bf546e7a832177a) Importer(815301076,1909f56bfc062723c751e8b465ee728b)  -> (artifact id: 'aa3de32b44c1a5ac8a616402b2aee705') in 0.021338 seconds
Number of updated asset objects reloaded before import = 0
Number of asset objects unloaded after import = 185
========================================================================
Received Import Request.
  Time since last request: 0.165905 seconds.
  path: Assets/Prefabs/Base Ground Set.prefab
  artifactKey: Guid(b611d16f6c805b742bf546e7a832177a) Importer(815301076,1909f56bfc062723c751e8b465ee728b)
Start importing Assets/Prefabs/Base Ground Set.prefab using Guid(b611d16f6c805b742bf546e7a832177a) Importer(815301076,1909f56bfc062723c751e8b465ee728b)  -> (artifact id: '3579a4442286e576078ec55bcc55781d') in 0.014692 seconds
Number of updated asset objects reloaded before import = 0
Number of asset objects unloaded after import = 179
========================================================================
Received Import Request.
  Time since last request: 0.188568 seconds.
  path: Assets/Prefabs/Base Ground Set.prefab
  artifactKey: Guid(b611d16f6c805b742bf546e7a832177a) Importer(815301076,1909f56bfc062723c751e8b465ee728b)
Start importing Assets/Prefabs/Base Ground Set.prefab using Guid(b611d16f6c805b742bf546e7a832177a) Importer(815301076,1909f56bfc062723c751e8b465ee728b)  -> (artifact id: 'bfc7809060b297be6250f58a5dfe5eab') in 0.020640 seconds
Number of updated asset objects reloaded before import = 0
Number of asset objects unloaded after import = 173
========================================================================
Received Import Request.
  Time since last request: 0.386494 seconds.
  path: Assets/Prefabs/Base Ground Set.prefab
  artifactKey: Guid(b611d16f6c805b742bf546e7a832177a) Importer(815301076,1909f56bfc062723c751e8b465ee728b)
Start importing Assets/Prefabs/Base Ground Set.prefab using Guid(b611d16f6c805b742bf546e7a832177a) Importer(815301076,1909f56bfc062723c751e8b465ee728b)  -> (artifact id: '4933caf1470839443c90d34359549aa9') in 0.020198 seconds
Number of updated asset objects reloaded before import = 0
Number of asset objects unloaded after import = 167
========================================================================
Received Import Request.
  Time since last request: 0.408174 seconds.
  path: Assets/Prefabs/Base Ground Set.prefab
  artifactKey: Guid(b611d16f6c805b742bf546e7a832177a) Importer(815301076,1909f56bfc062723c751e8b465ee728b)
Start importing Assets/Prefabs/Base Ground Set.prefab using Guid(b611d16f6c805b742bf546e7a832177a) Importer(815301076,1909f56bfc062723c751e8b465ee728b)  -> (artifact id: '00cfdeaa3d5d61c56745f5bd5b1ddcf8') in 0.019333 seconds
Number of updated asset objects reloaded before import = 0
Number of asset objects unloaded after import = 161
========================================================================
Received Import Request.
  Time since last request: 23.960810 seconds.
  path: Assets/Prefabs/Base Ground Set.prefab
  artifactKey: Guid(b611d16f6c805b742bf546e7a832177a) Importer(815301076,1909f56bfc062723c751e8b465ee728b)
Start importing Assets/Prefabs/Base Ground Set.prefab using Guid(b611d16f6c805b742bf546e7a832177a) Importer(815301076,1909f56bfc062723c751e8b465ee728b)  -> (artifact id: '84f1e63f26143e61e6082a44e1cc7219') in 0.007681 seconds
Number of updated asset objects reloaded before import = 0
Number of asset objects unloaded after import = 162
========================================================================
Received Import Request.
  Time since last request: 4.231302 seconds.
  path: Assets/Prefabs/Base Ground Set.prefab
  artifactKey: Guid(b611d16f6c805b742bf546e7a832177a) Importer(815301076,1909f56bfc062723c751e8b465ee728b)
Start importing Assets/Prefabs/Base Ground Set.prefab using Guid(b611d16f6c805b742bf546e7a832177a) Importer(815301076,1909f56bfc062723c751e8b465ee728b)  -> (artifact id: 'a319d22e1967129475d45a25c5a88411') in 0.007110 seconds
Number of updated asset objects reloaded before import = 0
Number of asset objects unloaded after import = 162
========================================================================
Received Import Request.
  Time since last request: 7.125728 seconds.
  path: Assets/Prefabs/Base Ground Set.prefab
  artifactKey: Guid(b611d16f6c805b742bf546e7a832177a) Importer(815301076,1909f56bfc062723c751e8b465ee728b)
Start importing Assets/Prefabs/Base Ground Set.prefab using Guid(b611d16f6c805b742bf546e7a832177a) Importer(815301076,1909f56bfc062723c751e8b465ee728b)  -> (artifact id: 'bc6db96e2e4c3473fbc9417009d2ed50') in 0.008208 seconds
Number of updated asset objects reloaded before import = 0
Number of asset objects unloaded after import = 162
========================================================================
Received Import Request.
  Time since last request: 11.919442 seconds.
  path: Assets/Prefabs/Base Ground Set.prefab
  artifactKey: Guid(b611d16f6c805b742bf546e7a832177a) Importer(815301076,1909f56bfc062723c751e8b465ee728b)
Start importing Assets/Prefabs/Base Ground Set.prefab using Guid(b611d16f6c805b742bf546e7a832177a) Importer(815301076,1909f56bfc062723c751e8b465ee728b)  -> (artifact id: '275c5c11d1db4fb922c1c40b54bfda22') in 0.018702 seconds
Number of updated asset objects reloaded before import = 0
Number of asset objects unloaded after import = 18
========================================================================
Received Import Request.
  Time since last request: 2.461663 seconds.
  path: Assets/Prefabs/Base Ground Set.prefab
  artifactKey: Guid(b611d16f6c805b742bf546e7a832177a) Importer(815301076,1909f56bfc062723c751e8b465ee728b)
Start importing Assets/Prefabs/Base Ground Set.prefab using Guid(b611d16f6c805b742bf546e7a832177a) Importer(815301076,1909f56bfc062723c751e8b465ee728b)  -> (artifact id: '7c5e9a57f297873558eb200e237a7a75') in 0.006792 seconds
Number of updated asset objects reloaded before import = 0
Number of asset objects unloaded after import = 18
========================================================================
Received Import Request.
  Time since last request: 5.429884 seconds.
  path: Assets/Prefabs/Base Ground Set.prefab
  artifactKey: Guid(b611d16f6c805b742bf546e7a832177a) Importer(815301076,1909f56bfc062723c751e8b465ee728b)
Start importing Assets/Prefabs/Base Ground Set.prefab using Guid(b611d16f6c805b742bf546e7a832177a) Importer(815301076,1909f56bfc062723c751e8b465ee728b)  -> (artifact id: 'caf0f51287e271b6c07fdfc48144cfe0') in 0.013779 seconds
Number of updated asset objects reloaded before import = 0
Number of asset objects unloaded after import = 24
========================================================================
Received Import Request.
  Time since last request: 1.810088 seconds.
  path: Assets/Prefabs/Base Ground Set.prefab
  artifactKey: Guid(b611d16f6c805b742bf546e7a832177a) Importer(815301076,1909f56bfc062723c751e8b465ee728b)
Start importing Assets/Prefabs/Base Ground Set.prefab using Guid(b611d16f6c805b742bf546e7a832177a) Importer(815301076,1909f56bfc062723c751e8b465ee728b)  -> (artifact id: '67c996a7e081465b7c93421e4f2262ec') in 0.015999 seconds
Number of updated asset objects reloaded before import = 0
Number of asset objects unloaded after import = 24
========================================================================
Received Import Request.
  Time since last request: 0.393582 seconds.
  path: Assets/Prefabs/Base Ground Set.prefab
  artifactKey: Guid(b611d16f6c805b742bf546e7a832177a) Importer(815301076,1909f56bfc062723c751e8b465ee728b)
Start importing Assets/Prefabs/Base Ground Set.prefab using Guid(b611d16f6c805b742bf546e7a832177a) Importer(815301076,1909f56bfc062723c751e8b465ee728b)  -> (artifact id: 'f72053316f19e9ca691ec46f4da7fcd4') in 0.013354 seconds
Number of updated asset objects reloaded before import = 0
Number of asset objects unloaded after import = 30
========================================================================
Received Import Request.
  Time since last request: 1.598678 seconds.
  path: Assets/Prefabs/Base Ground Set.prefab
  artifactKey: Guid(b611d16f6c805b742bf546e7a832177a) Importer(815301076,1909f56bfc062723c751e8b465ee728b)
Start importing Assets/Prefabs/Base Ground Set.prefab using Guid(b611d16f6c805b742bf546e7a832177a) Importer(815301076,1909f56bfc062723c751e8b465ee728b)  -> (artifact id: '6d5638ada3609698b1f293007ae0eff0') in 0.014556 seconds
Number of updated asset objects reloaded before import = 0
Number of asset objects unloaded after import = 30
========================================================================
Received Import Request.
  Time since last request: 0.991298 seconds.
  path: Assets/Prefabs/Base Ground Set.prefab
  artifactKey: Guid(b611d16f6c805b742bf546e7a832177a) Importer(815301076,1909f56bfc062723c751e8b465ee728b)
Start importing Assets/Prefabs/Base Ground Set.prefab using Guid(b611d16f6c805b742bf546e7a832177a) Importer(815301076,1909f56bfc062723c751e8b465ee728b)  -> (artifact id: '10c66e75a7ac151bc046d369ed802480') in 0.025205 seconds
Number of updated asset objects reloaded before import = 0
Number of asset objects unloaded after import = 36
========================================================================
Received Import Request.
  Time since last request: 1.795203 seconds.
  path: Assets/Prefabs/Base Ground Set.prefab
  artifactKey: Guid(b611d16f6c805b742bf546e7a832177a) Importer(815301076,1909f56bfc062723c751e8b465ee728b)
Start importing Assets/Prefabs/Base Ground Set.prefab using Guid(b611d16f6c805b742bf546e7a832177a) Importer(815301076,1909f56bfc062723c751e8b465ee728b)  -> (artifact id: '29459d33854624aabc07750ac8e45d37') in 0.014365 seconds
Number of updated asset objects reloaded before import = 0
Number of asset objects unloaded after import = 36
========================================================================
Received Import Request.
  Time since last request: 0.387921 seconds.
  path: Assets/Prefabs/Base Ground Set.prefab
  artifactKey: Guid(b611d16f6c805b742bf546e7a832177a) Importer(815301076,1909f56bfc062723c751e8b465ee728b)
Start importing Assets/Prefabs/Base Ground Set.prefab using Guid(b611d16f6c805b742bf546e7a832177a) Importer(815301076,1909f56bfc062723c751e8b465ee728b)  -> (artifact id: '0ac7259f63e8cd22f6973e9172d117fd') in 0.006015 seconds
Number of updated asset objects reloaded before import = 0
Number of asset objects unloaded after import = 42
========================================================================
Received Import Request.
  Time since last request: 1.001742 seconds.
  path: Assets/Prefabs/Base Ground Set.prefab
  artifactKey: Guid(b611d16f6c805b742bf546e7a832177a) Importer(815301076,1909f56bfc062723c751e8b465ee728b)
Start importing Assets/Prefabs/Base Ground Set.prefab using Guid(b611d16f6c805b742bf546e7a832177a) Importer(815301076,1909f56bfc062723c751e8b465ee728b)  -> (artifact id: '46ca3389d88e3b98ab7145f888eef57f') in 0.014750 seconds
Number of updated asset objects reloaded before import = 0
Number of asset objects unloaded after import = 42
========================================================================
Received Import Request.
  Time since last request: 6.644077 seconds.
  path: Assets/Prefabs/Base Ground Set.prefab
  artifactKey: Guid(b611d16f6c805b742bf546e7a832177a) Importer(815301076,1909f56bfc062723c751e8b465ee728b)
Start importing Assets/Prefabs/Base Ground Set.prefab using Guid(b611d16f6c805b742bf546e7a832177a) Importer(815301076,1909f56bfc062723c751e8b465ee728b)  -> (artifact id: '79729a77f24d80b9be1b0275c7061965') in 0.017202 seconds
Number of updated asset objects reloaded before import = 0
Number of asset objects unloaded after import = 72
========================================================================
Received Import Request.
  Time since last request: 2.195588 seconds.
  path: Assets/Prefabs/Base Ground Set.prefab
  artifactKey: Guid(b611d16f6c805b742bf546e7a832177a) Importer(815301076,1909f56bfc062723c751e8b465ee728b)
Start importing Assets/Prefabs/Base Ground Set.prefab using Guid(b611d16f6c805b742bf546e7a832177a) Importer(815301076,1909f56bfc062723c751e8b465ee728b)  -> (artifact id: 'c55629c3eee00816ae8ef5d43a01bcca') in 0.020453 seconds
Number of updated asset objects reloaded before import = 0
Number of asset objects unloaded after import = 72
========================================================================
Received Import Request.
  Time since last request: 0.807423 seconds.
  path: Assets/Prefabs/Base Ground Set.prefab
  artifactKey: Guid(b611d16f6c805b742bf546e7a832177a) Importer(815301076,1909f56bfc062723c751e8b465ee728b)
Start importing Assets/Prefabs/Base Ground Set.prefab using Guid(b611d16f6c805b742bf546e7a832177a) Importer(815301076,1909f56bfc062723c751e8b465ee728b)  -> (artifact id: '3a3cc9d8c83c774be33c68acaf6fe1c3') in 0.020403 seconds
Number of updated asset objects reloaded before import = 0
Number of asset objects unloaded after import = 102
========================================================================
Received Import Request.
  Time since last request: 2.208359 seconds.
  path: Assets/Prefabs/Base Ground Set.prefab
  artifactKey: Guid(b611d16f6c805b742bf546e7a832177a) Importer(815301076,1909f56bfc062723c751e8b465ee728b)
Start importing Assets/Prefabs/Base Ground Set.prefab using Guid(b611d16f6c805b742bf546e7a832177a) Importer(815301076,1909f56bfc062723c751e8b465ee728b)  -> (artifact id: '9ae1c32543329181a1d5c8befd17ec29') in 0.017527 seconds
Number of updated asset objects reloaded before import = 0
Number of asset objects unloaded after import = 102
========================================================================
Received Import Request.
  Time since last request: 0.787849 seconds.
  path: Assets/Prefabs/Base Ground Set.prefab
  artifactKey: Guid(b611d16f6c805b742bf546e7a832177a) Importer(815301076,1909f56bfc062723c751e8b465ee728b)
Start importing Assets/Prefabs/Base Ground Set.prefab using Guid(b611d16f6c805b742bf546e7a832177a) Importer(815301076,1909f56bfc062723c751e8b465ee728b)  -> (artifact id: '8b52156cf4724f3d69fa4296e272caf2') in 0.016813 seconds
Number of updated asset objects reloaded before import = 0
Number of asset objects unloaded after import = 132
========================================================================
Received Import Request.
  Time since last request: 1.792008 seconds.
  path: Assets/Prefabs/Base Ground Set.prefab
  artifactKey: Guid(b611d16f6c805b742bf546e7a832177a) Importer(815301076,1909f56bfc062723c751e8b465ee728b)
Start importing Assets/Prefabs/Base Ground Set.prefab using Guid(b611d16f6c805b742bf546e7a832177a) Importer(815301076,1909f56bfc062723c751e8b465ee728b)  -> (artifact id: '5eef315f3da113e214be3af8aad0aad2') in 0.014632 seconds
Number of updated asset objects reloaded before import = 0
Number of asset objects unloaded after import = 132
========================================================================
Received Import Request.
  Time since last request: 0.385453 seconds.
  path: Assets/Prefabs/Base Ground Set.prefab
  artifactKey: Guid(b611d16f6c805b742bf546e7a832177a) Importer(815301076,1909f56bfc062723c751e8b465ee728b)
Start importing Assets/Prefabs/Base Ground Set.prefab using Guid(b611d16f6c805b742bf546e7a832177a) Importer(815301076,1909f56bfc062723c751e8b465ee728b)  -> (artifact id: '2eda4b1ee422bce8cfdd370818423ecf') in 0.014933 seconds
Number of updated asset objects reloaded before import = 0
Number of asset objects unloaded after import = 162
========================================================================
Received Import Request.
  Time since last request: 1.392151 seconds.
  path: Assets/Prefabs/Base Ground Set.prefab
  artifactKey: Guid(b611d16f6c805b742bf546e7a832177a) Importer(815301076,1909f56bfc062723c751e8b465ee728b)
Start importing Assets/Prefabs/Base Ground Set.prefab using Guid(b611d16f6c805b742bf546e7a832177a) Importer(815301076,1909f56bfc062723c751e8b465ee728b)  -> (artifact id: '78edfb008cd46537aec94a5d293b679c') in 0.006636 seconds
Number of updated asset objects reloaded before import = 0
Number of asset objects unloaded after import = 162
========================================================================
Received Import Request.
  Time since last request: 16.920501 seconds.
  path: Assets/Prefabs/Base Ground Set.prefab
  artifactKey: Guid(b611d16f6c805b742bf546e7a832177a) Importer(815301076,1909f56bfc062723c751e8b465ee728b)
Start importing Assets/Prefabs/Base Ground Set.prefab using Guid(b611d16f6c805b742bf546e7a832177a) Importer(815301076,1909f56bfc062723c751e8b465ee728b)  -> (artifact id: '9d93c74a995038e4774bb4cb987a8e74') in 0.012128 seconds
Number of updated asset objects reloaded before import = 0
Number of asset objects unloaded after import = 163
========================================================================
Received Import Request.
  Time since last request: 1.581729 seconds.
  path: Assets/Prefabs/Base Ground Set.prefab
  artifactKey: Guid(b611d16f6c805b742bf546e7a832177a) Importer(815301076,1909f56bfc062723c751e8b465ee728b)
Start importing Assets/Prefabs/Base Ground Set.prefab using Guid(b611d16f6c805b742bf546e7a832177a) Importer(815301076,1909f56bfc062723c751e8b465ee728b)  -> (artifact id: '6540c02092d384ff00e9cde1b14a564a') in 0.010393 seconds
Number of updated asset objects reloaded before import = 0
Number of asset objects unloaded after import = 163
========================================================================
Received Import Request.
  Time since last request: 2.009417 seconds.
  path: Assets/Prefabs/Base Ground Set.prefab
  artifactKey: Guid(b611d16f6c805b742bf546e7a832177a) Importer(815301076,1909f56bfc062723c751e8b465ee728b)
Start importing Assets/Prefabs/Base Ground Set.prefab using Guid(b611d16f6c805b742bf546e7a832177a) Importer(815301076,1909f56bfc062723c751e8b465ee728b)  -> (artifact id: 'a90a0cc9b2c38285c5c94ead43036479') in 0.006157 seconds
Number of updated asset objects reloaded before import = 0
Number of asset objects unloaded after import = 163
========================================================================
Received Import Request.
  Time since last request: 0.590949 seconds.
  path: Assets/Prefabs/Base Ground Set.prefab
  artifactKey: Guid(b611d16f6c805b742bf546e7a832177a) Importer(815301076,1909f56bfc062723c751e8b465ee728b)
Start importing Assets/Prefabs/Base Ground Set.prefab using Guid(b611d16f6c805b742bf546e7a832177a) Importer(815301076,1909f56bfc062723c751e8b465ee728b)  -> (artifact id: 'db1803592c610486a5e54f2654a63174') in 0.006165 seconds
Number of updated asset objects reloaded before import = 0
Number of asset objects unloaded after import = 163
========================================================================
Received Import Request.
  Time since last request: 44.974879 seconds.
  path: Assets/Prefabs/Base.prefab
  artifactKey: Guid(c48452cb840d93a4fad1b2e0dd8af101) Importer(815301076,1909f56bfc062723c751e8b465ee728b)
Start importing Assets/Prefabs/Base.prefab using Guid(c48452cb840d93a4fad1b2e0dd8af101) Importer(815301076,1909f56bfc062723c751e8b465ee728b)  -> (artifact id: '7e1a343c69e74faad9ed25a5494ee604') in 0.015802 seconds
Number of updated asset objects reloaded before import = 0
Number of asset objects unloaded after import = 7
========================================================================
Received Import Request.
  Time since last request: 7.326264 seconds.
  path: Assets/Materials/Ground Material.mat
  artifactKey: Guid(354c92f6513469c4eb37a82bedfdbcab) Importer(815301076,1909f56bfc062723c751e8b465ee728b)
Start importing Assets/Materials/Ground Material.mat using Guid(354c92f6513469c4eb37a82bedfdbcab) Importer(815301076,1909f56bfc062723c751e8b465ee728b)  -> (artifact id: '0f6e4444cd15ab27bdba4152aa98ed54') in 0.024440 seconds
Number of updated asset objects reloaded before import = 0
Number of asset objects unloaded after import = 1
========================================================================
Received Import Request.
  Time since last request: 7.209605 seconds.
  path: Assets/Materials/Base Material.mat
  artifactKey: Guid(719b580b3e2f68943be9d50bf56f26d5) Importer(815301076,1909f56bfc062723c751e8b465ee728b)
Start importing Assets/Materials/Base Material.mat using Guid(719b580b3e2f68943be9d50bf56f26d5) Importer(815301076,1909f56bfc062723c751e8b465ee728b)  -> (artifact id: '80b626143a34015d24b6926e3fbf6d4f') in 0.014335 seconds
Number of updated asset objects reloaded before import = 0
Number of asset objects unloaded after import = 1
========================================================================
Received Prepare
Begin MonoManager ReloadAssembly
Symbol file LoadedFromMemory doesn't match image C:\acamlated\Unity\Defend\Defend\Library\PackageCache\com.unity.visualscripting@1.8.0\Editor\VisualScripting.Core\Dependencies\YamlDotNet\Unity.VisualScripting.YamlDotNet.dll
Symbol file LoadedFromMemory doesn't match image C:\acamlated\Unity\Defend\Defend\Library\PackageCache\com.unity.visualscripting@1.8.0\Editor\VisualScripting.Core\Dependencies\DotNetZip\Unity.VisualScripting.IonicZip.dll
- Loaded All Assemblies, in  0.549 seconds
Refreshing native plugins compatible for Editor in 2.60 ms, found 3 plugins.
Native extension for WindowsStandalone target not found
Native extension for Android target not found
[Package Manager] Server::EnsureServerProcessIsRunning -- launch failed, reason: Unity was launched with the -noUpm command-line argument
[Package Manager] UpmClient::Send -- Unable to send message (not connected to UPM process).
[Package Manager] Cannot connect to Unity Package Manager local server
Mono: successfully reloaded assembly
- Finished resetting the current domain, in  0.653 seconds
Domain Reload Profiling: 1200ms
	BeginReloadAssembly (125ms)
		ExecutionOrderSort (0ms)
		DisableScriptedObjects (3ms)
		BackupInstance (0ms)
		ReleaseScriptingObjects (0ms)
		CreateAndSetChildDomain (39ms)
	RebuildCommonClasses (24ms)
	RebuildNativeTypeToScriptingClass (11ms)
	initialDomainReloadingComplete (27ms)
	LoadAllAssembliesAndSetupDomain (360ms)
		LoadAssemblies (205ms)
		RebuildTransferFunctionScriptingTraits (0ms)
		AnalyzeDomain (206ms)
			TypeCache.Refresh (201ms)
				TypeCache.ScanAssembly (191ms)
			ScanForSourceGeneratedMonoScriptInfo (2ms)
			ResolveRequiredComponents (3ms)
	FinalizeReload (654ms)
		ReleaseScriptCaches (0ms)
		RebuildScriptCaches (0ms)
		SetupLoadedEditorAssemblies (275ms)
			LogAssemblyErrors (0ms)
			InitializePlatformSupportModulesInManaged (21ms)
			SetLoadedEditorAssemblies (3ms)
			RefreshPlugins (0ms)
			BeforeProcessingInitializeOnLoad (48ms)
			ProcessInitializeOnLoadAttributes (186ms)
			ProcessInitializeOnLoadMethodAttributes (12ms)
			AfterProcessingInitializeOnLoad (5ms)
			EditorAssembliesLoaded (0ms)
		ExecutionOrderSort2 (0ms)
		AwakeInstancesAfterBackupRestoration (4ms)
Refreshing native plugins compatible for Editor in 2.31 ms, found 3 plugins.
Preloading 0 native plugins for Editor in 0.00 ms.
Unloading 3270 Unused Serialized files (Serialized files now loaded: 0)
Unloading 23 unused Assets / (125.5 KB). Loaded Objects now: 3799.
Memory consumption went from 125.9 MB to 125.8 MB.
Total: 2.570200 ms (FindLiveObjects: 0.201300 ms CreateObjectMapping: 0.082900 ms MarkObjects: 2.206500 ms  DeleteObjects: 0.078400 ms)

Prepare: number of updated asset objects reloaded= 0
AssetImportParameters requested are different than current active one (requested -> active):
  custom:container-demuxer-ogg: 62fdf1f143b41e24485cea50d1cbac27 -> 
  custom:video-codec-MediaFoundation-h265: 746d11721c4dcdbdad8f713fa42b33f4 -> 
  custom:video-decoder-ogg-theora: a1e56fd34408186e4bbccfd4996cb3dc -> 
  custom:framework-win-MediaFoundation: 216162199b28c13a410421893ffa2e32 -> 
  custom:CustomObjectIndexerAttribute: 756ad292c208cfabdd7b50bc23989ffe -> 
  custom:container-demuxer-webm: 4f35f7cbe854078d1ac9338744f61a02 -> 
  custom:container-muxer-webm: aa71ff27fc2769a1b78a27578f13a17b -> 
  custom:video-decoder-webm-vp8: 9c59270c3fd7afecdb556c50c9e8de78 -> 
  custom:SearchIndexIgnoredProperties: e643bd26f0fe6173181afceb89e7c659 -> 
  custom:AudioImporter_EditorPlatform: d09bf68614088b80899f8185d706f6e7 -> 
  custom:video-encoder-webm-vp8: eb34c28f22e8b96e1ab97ce403110664 -> 
  custom:audio-decoder-ogg-vorbis: bf7c407c2cedff20999df2af8eb42d56 -> 
  custom:audio-encoder-webm-vorbis: bf7c407c2cedff20999df2af8eb42d56 -> 
========================================================================
Received Import Request.
  Time since last request: 91.270098 seconds.
  path: Assets/Prefabs/Base.prefab
  artifactKey: Guid(c48452cb840d93a4fad1b2e0dd8af101) Importer(815301076,1909f56bfc062723c751e8b465ee728b)
Start importing Assets/Prefabs/Base.prefab using Guid(c48452cb840d93a4fad1b2e0dd8af101) Importer(815301076,1909f56bfc062723c751e8b465ee728b)  -> (artifact id: '902a71d31abcb4e4157f121d64d84272') in 0.097287 seconds
Number of updated asset objects reloaded before import = 0
Number of asset objects unloaded after import = 8
========================================================================
Received Import Request.
  Time since last request: 20.202811 seconds.
  path: Assets/Prefabs/Base.prefab
  artifactKey: Guid(c48452cb840d93a4fad1b2e0dd8af101) Importer(815301076,1909f56bfc062723c751e8b465ee728b)
Start importing Assets/Prefabs/Base.prefab using Guid(c48452cb840d93a4fad1b2e0dd8af101) Importer(815301076,1909f56bfc062723c751e8b465ee728b)  -> (artifact id: '7304dde5757104801c06b8fed60eebf9') in 0.006998 seconds
Number of updated asset objects reloaded before import = 0
Number of asset objects unloaded after import = 8
========================================================================
Received Import Request.
  Time since last request: 7.227526 seconds.
  path: Assets/Prefabs/Base.prefab
  artifactKey: Guid(c48452cb840d93a4fad1b2e0dd8af101) Importer(815301076,1909f56bfc062723c751e8b465ee728b)
Start importing Assets/Prefabs/Base.prefab using Guid(c48452cb840d93a4fad1b2e0dd8af101) Importer(815301076,1909f56bfc062723c751e8b465ee728b)  -> (artifact id: '1c096a5ba570f04c7eb2aa2f2136db92') in 0.007464 seconds
Number of updated asset objects reloaded before import = 0
Number of asset objects unloaded after import = 8
========================================================================
Received Import Request.
  Time since last request: 64.442422 seconds.
  path: Assets/Prefabs/Base Ground Set.prefab
  artifactKey: Guid(b611d16f6c805b742bf546e7a832177a) Importer(815301076,1909f56bfc062723c751e8b465ee728b)
Start importing Assets/Prefabs/Base Ground Set.prefab using Guid(b611d16f6c805b742bf546e7a832177a) Importer(815301076,1909f56bfc062723c751e8b465ee728b)  -> (artifact id: '2a1a7f1a0681592ffe05180a2adc2694') in 0.019455 seconds
Number of updated asset objects reloaded before import = 0
Number of asset objects unloaded after import = 193
========================================================================
Received Import Request.
  Time since last request: 1.974760 seconds.
  path: Assets/Prefabs/Base Ground Set.prefab
  artifactKey: Guid(b611d16f6c805b742bf546e7a832177a) Importer(815301076,1909f56bfc062723c751e8b465ee728b)
Start importing Assets/Prefabs/Base Ground Set.prefab using Guid(b611d16f6c805b742bf546e7a832177a) Importer(815301076,1909f56bfc062723c751e8b465ee728b)  -> (artifact id: '8adebac84cc8c45abf9bf56d622f9df9') in 0.015302 seconds
Number of updated asset objects reloaded before import = 0
Number of asset objects unloaded after import = 193
========================================================================
Received Import Request.
  Time since last request: 0.589485 seconds.
  path: Assets/Prefabs/Base Ground Set.prefab
  artifactKey: Guid(b611d16f6c805b742bf546e7a832177a) Importer(815301076,1909f56bfc062723c751e8b465ee728b)
Start importing Assets/Prefabs/Base Ground Set.prefab using Guid(b611d16f6c805b742bf546e7a832177a) Importer(815301076,1909f56bfc062723c751e8b465ee728b)  -> (artifact id: 'c679a4a41eb1ffe143ad3b089ae1b9ee') in 0.018475 seconds
Number of updated asset objects reloaded before import = 0
Number of asset objects unloaded after import = 223
========================================================================
Received Import Request.
  Time since last request: 2.401695 seconds.
  path: Assets/Prefabs/Base Ground Set.prefab
  artifactKey: Guid(b611d16f6c805b742bf546e7a832177a) Importer(815301076,1909f56bfc062723c751e8b465ee728b)
Start importing Assets/Prefabs/Base Ground Set.prefab using Guid(b611d16f6c805b742bf546e7a832177a) Importer(815301076,1909f56bfc062723c751e8b465ee728b)  -> (artifact id: '8d99d64e43d1036364509b1bd4375ff2') in 0.016555 seconds
Number of updated asset objects reloaded before import = 0
Number of asset objects unloaded after import = 223
========================================================================
Received Import Request.
  Time since last request: 5.476939 seconds.
  path: Assets/Prefabs/Base Ground Set.prefab
  artifactKey: Guid(b611d16f6c805b742bf546e7a832177a) Importer(815301076,1909f56bfc062723c751e8b465ee728b)
Start importing Assets/Prefabs/Base Ground Set.prefab using Guid(b611d16f6c805b742bf546e7a832177a) Importer(815301076,1909f56bfc062723c751e8b465ee728b)  -> (artifact id: '51627c705ad183609ce3dcc4ea981c64') in 0.019040 seconds
Number of updated asset objects reloaded before import = 0
Number of asset objects unloaded after import = 265
========================================================================
Received Import Request.
  Time since last request: 1.785831 seconds.
  path: Assets/Prefabs/Base Ground Set.prefab
  artifactKey: Guid(b611d16f6c805b742bf546e7a832177a) Importer(815301076,1909f56bfc062723c751e8b465ee728b)
Start importing Assets/Prefabs/Base Ground Set.prefab using Guid(b611d16f6c805b742bf546e7a832177a) Importer(815301076,1909f56bfc062723c751e8b465ee728b)  -> (artifact id: 'b3c13ec29cf765c134a9410a351d683f') in 0.017120 seconds
Number of updated asset objects reloaded before import = 0
Number of asset objects unloaded after import = 265
========================================================================
Received Import Request.
  Time since last request: 0.617960 seconds.
  path: Assets/Prefabs/Base Ground Set.prefab
  artifactKey: Guid(b611d16f6c805b742bf546e7a832177a) Importer(815301076,1909f56bfc062723c751e8b465ee728b)
Start importing Assets/Prefabs/Base Ground Set.prefab using Guid(b611d16f6c805b742bf546e7a832177a) Importer(815301076,1909f56bfc062723c751e8b465ee728b)  -> (artifact id: '2b6015f731bd85a9c322c27d5afbc9de') in 0.018416 seconds
Number of updated asset objects reloaded before import = 0
Number of asset objects unloaded after import = 307
========================================================================
Received Import Request.
  Time since last request: 2.986468 seconds.
  path: Assets/Prefabs/Base Ground Set.prefab
  artifactKey: Guid(b611d16f6c805b742bf546e7a832177a) Importer(815301076,1909f56bfc062723c751e8b465ee728b)
Start importing Assets/Prefabs/Base Ground Set.prefab using Guid(b611d16f6c805b742bf546e7a832177a) Importer(815301076,1909f56bfc062723c751e8b465ee728b)  -> (artifact id: '41d5ad87eb64534b526134f395dc4803') in 0.017803 seconds
Number of updated asset objects reloaded before import = 0
Number of asset objects unloaded after import = 307
========================================================================
Received Import Request.
  Time since last request: 18.883344 seconds.
  path: Assets/Prefabs/Base Ground Set.prefab
  artifactKey: Guid(b611d16f6c805b742bf546e7a832177a) Importer(815301076,1909f56bfc062723c751e8b465ee728b)
Start importing Assets/Prefabs/Base Ground Set.prefab using Guid(b611d16f6c805b742bf546e7a832177a) Importer(815301076,1909f56bfc062723c751e8b465ee728b)  -> (artifact id: '2e18119e9dd6db78f4dc6a031668a802') in 0.013993 seconds
Number of updated asset objects reloaded before import = 0
Number of asset objects unloaded after import = 257
========================================================================
Received Import Request.
  Time since last request: 15.472898 seconds.
  path: Assets/Prefabs/Base.prefab
  artifactKey: Guid(c48452cb840d93a4fad1b2e0dd8af101) Importer(815301076,1909f56bfc062723c751e8b465ee728b)
Start importing Assets/Prefabs/Base.prefab using Guid(c48452cb840d93a4fad1b2e0dd8af101) Importer(815301076,1909f56bfc062723c751e8b465ee728b)  -> (artifact id: 'dfc5109153e4705ae76ff802d0340147') in 0.020392 seconds
Number of updated asset objects reloaded before import = 0
Number of asset objects unloaded after import = 8
========================================================================
Received Import Request.
  Time since last request: 1.519658 seconds.
  path: Assets/Prefabs/Base.prefab
  artifactKey: Guid(c48452cb840d93a4fad1b2e0dd8af101) Importer(815301076,1909f56bfc062723c751e8b465ee728b)
Start importing Assets/Prefabs/Base.prefab using Guid(c48452cb840d93a4fad1b2e0dd8af101) Importer(815301076,1909f56bfc062723c751e8b465ee728b)  -> (artifact id: 'fd5155b40adc68ca0cb683eea45c76ef') in 0.018393 seconds
Number of updated asset objects reloaded before import = 0
Number of asset objects unloaded after import = 8
========================================================================
Received Import Request.
  Time since last request: 49.869005 seconds.
  path: Assets/Materials/Base Material.mat
  artifactKey: Guid(719b580b3e2f68943be9d50bf56f26d5) Importer(815301076,1909f56bfc062723c751e8b465ee728b)
Start importing Assets/Materials/Base Material.mat using Guid(719b580b3e2f68943be9d50bf56f26d5) Importer(815301076,1909f56bfc062723c751e8b465ee728b)  -> (artifact id: '2dec9bb2576121a8b6d67b1268aa20f6') in 0.031682 seconds
Number of updated asset objects reloaded before import = 0
Number of asset objects unloaded after import = 1
========================================================================
Received Import Request.
  Time since last request: 8.053670 seconds.
  path: Assets/Materials/Tower Material.mat
  artifactKey: Guid(d9782bf761ff3684d99b71b1581da420) Importer(815301076,1909f56bfc062723c751e8b465ee728b)
Start importing Assets/Materials/Tower Material.mat using Guid(d9782bf761ff3684d99b71b1581da420) Importer(815301076,1909f56bfc062723c751e8b465ee728b)  -> (artifact id: '563a28926b108ea6108a7cf69d5cff57') in 0.018100 seconds
Number of updated asset objects reloaded before import = 0
Number of asset objects unloaded after import = 1
========================================================================
Received Import Request.
  Time since last request: 3.051708 seconds.
  path: Assets/Prefabs/Base.prefab
  artifactKey: Guid(c48452cb840d93a4fad1b2e0dd8af101) Importer(815301076,1909f56bfc062723c751e8b465ee728b)
Start importing Assets/Prefabs/Base.prefab using Guid(c48452cb840d93a4fad1b2e0dd8af101) Importer(815301076,1909f56bfc062723c751e8b465ee728b)  -> (artifact id: '842102a562df073adec0c9c79c0f8590') in 0.018111 seconds
Number of updated asset objects reloaded before import = 0
Number of asset objects unloaded after import = 8
========================================================================
Received Import Request.
  Time since last request: 1.736090 seconds.
  path: Assets/Prefabs/Tower.prefab
  artifactKey: Guid(30d9937a7bf4fde49955fdd7d12e0e1d) Importer(815301076,1909f56bfc062723c751e8b465ee728b)
Start importing Assets/Prefabs/Tower.prefab using Guid(30d9937a7bf4fde49955fdd7d12e0e1d) Importer(815301076,1909f56bfc062723c751e8b465ee728b)  -> (artifact id: '20f30d454626dc10aa4a9b77e3f4a1df') in 0.015256 seconds
Number of updated asset objects reloaded before import = 0
Number of asset objects unloaded after import = 7
========================================================================
Received Import Request.
  Time since last request: 80.737248 seconds.
  path: Assets/Prefabs/Tower.prefab
  artifactKey: Guid(30d9937a7bf4fde49955fdd7d12e0e1d) Importer(815301076,1909f56bfc062723c751e8b465ee728b)
Start importing Assets/Prefabs/Tower.prefab using Guid(30d9937a7bf4fde49955fdd7d12e0e1d) Importer(815301076,1909f56bfc062723c751e8b465ee728b)  -> (artifact id: '5e17065454c3432135b6f9764e99b0d9') in 0.020813 seconds
Number of updated asset objects reloaded before import = 0
Number of asset objects unloaded after import = 7
========================================================================
Received Import Request.
  Time since last request: 1.567245 seconds.
  path: Assets/Prefabs/Enemy.prefab
  artifactKey: Guid(5a2e70ea3d84aad4694e5de11dae2c0a) Importer(815301076,1909f56bfc062723c751e8b465ee728b)
Start importing Assets/Prefabs/Enemy.prefab using Guid(5a2e70ea3d84aad4694e5de11dae2c0a) Importer(815301076,1909f56bfc062723c751e8b465ee728b)  -> (artifact id: '4ba0c2b7e788fa5925f872aad178dc9d') in 0.014830 seconds
Number of updated asset objects reloaded before import = 0
Number of asset objects unloaded after import = 7
========================================================================
Received Import Request.
  Time since last request: 7.245844 seconds.
  path: Assets/Materials/Ground Material 1.mat
  artifactKey: Guid(dad86901096fb36478337176385d024a) Importer(815301076,1909f56bfc062723c751e8b465ee728b)
Start importing Assets/Materials/Ground Material 1.mat using Guid(dad86901096fb36478337176385d024a) Importer(815301076,1909f56bfc062723c751e8b465ee728b)  -> (artifact id: '2c83dfcda7454d75998acea43c0d1b6d') in 0.014747 seconds
Number of updated asset objects reloaded before import = 0
Number of asset objects unloaded after import = 1
========================================================================
Received Import Request.
  Time since last request: 10.580425 seconds.
  path: Assets/Materials/Enemy Material.mat
  artifactKey: Guid(dad86901096fb36478337176385d024a) Importer(815301076,1909f56bfc062723c751e8b465ee728b)
Start importing Assets/Materials/Enemy Material.mat using Guid(dad86901096fb36478337176385d024a) Importer(815301076,1909f56bfc062723c751e8b465ee728b)  -> (artifact id: '3cf7a933f25c9fa4b7f757f975391c94') in 0.016999 seconds
Number of updated asset objects reloaded before import = 0
Number of asset objects unloaded after import = 1
========================================================================
Received Import Request.
  Time since last request: 43.253201 seconds.
  path: Assets/Prefabs/Enemy.prefab
  artifactKey: Guid(5a2e70ea3d84aad4694e5de11dae2c0a) Importer(815301076,1909f56bfc062723c751e8b465ee728b)
Start importing Assets/Prefabs/Enemy.prefab using Guid(5a2e70ea3d84aad4694e5de11dae2c0a) Importer(815301076,1909f56bfc062723c751e8b465ee728b)  -> (artifact id: 'ec105f6dee736a2e4235e1a6f55ca63b') in 0.016654 seconds
Number of updated asset objects reloaded before import = 0
Number of asset objects unloaded after import = 8
========================================================================
Received Import Request.
  Time since last request: 7.935694 seconds.
  path: Assets/Prefabs/Enemy.prefab
  artifactKey: Guid(5a2e70ea3d84aad4694e5de11dae2c0a) Importer(815301076,1909f56bfc062723c751e8b465ee728b)
Start importing Assets/Prefabs/Enemy.prefab using Guid(5a2e70ea3d84aad4694e5de11dae2c0a) Importer(815301076,1909f56bfc062723c751e8b465ee728b)  -> (artifact id: 'd7e8a51fb3551c670a2f11ce3ee40425') in 0.019585 seconds
Number of updated asset objects reloaded before import = 0
Number of asset objects unloaded after import = 8
========================================================================
Received Import Request.
  Time since last request: 3.203356 seconds.
  path: Assets/Prefabs/Enemy.prefab
  artifactKey: Guid(5a2e70ea3d84aad4694e5de11dae2c0a) Importer(815301076,1909f56bfc062723c751e8b465ee728b)
Start importing Assets/Prefabs/Enemy.prefab using Guid(5a2e70ea3d84aad4694e5de11dae2c0a) Importer(815301076,1909f56bfc062723c751e8b465ee728b)  -> (artifact id: 'f558aba16308c7931df843f968ddc1ee') in 0.015792 seconds
Number of updated asset objects reloaded before import = 0
Number of asset objects unloaded after import = 8
========================================================================
Received Import Request.
  Time since last request: 1.996456 seconds.
  path: Assets/Prefabs/Enemy.prefab
  artifactKey: Guid(5a2e70ea3d84aad4694e5de11dae2c0a) Importer(815301076,1909f56bfc062723c751e8b465ee728b)
Start importing Assets/Prefabs/Enemy.prefab using Guid(5a2e70ea3d84aad4694e5de11dae2c0a) Importer(815301076,1909f56bfc062723c751e8b465ee728b)  -> (artifact id: 'b8c0e781e036be71122c23dfe183149c') in 0.008843 seconds
Number of updated asset objects reloaded before import = 0
Number of asset objects unloaded after import = 8
========================================================================
Received Import Request.
  Time since last request: 33.438241 seconds.
  path: Assets/Prefabs/Enemy.prefab
  artifactKey: Guid(5a2e70ea3d84aad4694e5de11dae2c0a) Importer(815301076,1909f56bfc062723c751e8b465ee728b)
Start importing Assets/Prefabs/Enemy.prefab using Guid(5a2e70ea3d84aad4694e5de11dae2c0a) Importer(815301076,1909f56bfc062723c751e8b465ee728b)  -> (artifact id: '75c7b0a3618634cb498484bc1632121e') in 0.007029 seconds
Number of updated asset objects reloaded before import = 0
Number of asset objects unloaded after import = 9
========================================================================
Received Import Request.
  Time since last request: 68.751646 seconds.
  path: Assets/Prefabs/Enemy.prefab
  artifactKey: Guid(5a2e70ea3d84aad4694e5de11dae2c0a) Importer(815301076,1909f56bfc062723c751e8b465ee728b)
Start importing Assets/Prefabs/Enemy.prefab using Guid(5a2e70ea3d84aad4694e5de11dae2c0a) Importer(815301076,1909f56bfc062723c751e8b465ee728b)  -> (artifact id: '5f18c6d1158bafe633bf72a39a51cccb') in 0.020320 seconds
Number of updated asset objects reloaded before import = 0
Number of asset objects unloaded after import = 9
